Log file open, 06/17/18 02:02:31
LogInit:Display: Running engine for game: LevelCreationProject
LogPlatformFile: Not using cached read wrapper
LogInit:Display: RandInit(-842556807) SRandInit(-842556806).
LogTaskGraph: Started task graph with 5 named threads and 6 total threads with 1 sets of task threads.
LogStats: Stats thread started at 0.095769
LogInit: Using libcurl 7.47.1
LogInit:  - built for x86_64-pc-win32
LogInit:  - supports SSL with OpenSSL/1.0.2g
LogInit:  - supports HTTP deflate (compression) using libz 1.2.8
LogInit:  - other features:
LogInit:      CURL_VERSION_SSL
LogInit:      CURL_VERSION_LIBZ
LogInit:      CURL_VERSION_IPV6
LogInit:      CURL_VERSION_ASYNCHDNS
LogInit:      CURL_VERSION_LARGEFILE
LogInit:      CURL_VERSION_IDN
LogInit:  CurlRequestOptions (configurable via config and command line):
LogInit:  - bVerifyPeer = false  - Libcurl will NOT verify peer certificate
LogInit:  - bUseHttpProxy = false  - Libcurl will NOT use HTTP proxy
LogInit:  - bDontReuseConnections = false  - Libcurl will reuse connections
LogInit:  - CertBundlePath = nullptr  - Libcurl will use whatever was configured at build time.
LogInit: Build: ++UE4+Release-4.16-CL-3561208
LogInit: Engine Version: 4.16.3-3561208+++UE4+Release-4.16
LogInit: Compatible Engine Version: 4.16.0-3452394+++UE4+Release-4.16
LogInit: Net CL: 3452394
LogDevObjectVersion: Number of dev versions registered: 16
LogDevObjectVersion:   Dev-Blueprints (B0D832E4-1F89-4F0D-ACCF-7EB736FD4AA2): 9
LogDevObjectVersion:   Dev-Build (E1C64328-A22C-4D53-A36C-8E866417BD8C): 0
LogDevObjectVersion:   Dev-Core (375EC13C-06E4-48FB-B500-84F0262A717E): 2
LogDevObjectVersion:   Dev-Editor (E4B068ED-F494-42E9-A231-DA0B2E46BB41): 17
LogDevObjectVersion:   Dev-Framework (CFFC743F-43B0-4480-9391-14DF171D2073): 23
LogDevObjectVersion:   Dev-Mobile (B02B49B5-BB20-44E9-A304-32B752E40360): 0
LogDevObjectVersion:   Dev-Networking (A4E4105C-59A1-49B5-A7C5-40C4547EDFEE): 0
LogDevObjectVersion:   Dev-Online (39C831C9-5AE6-47DC-9A44-9C173E1C8E7C): 0
LogDevObjectVersion:   Dev-Physics (78F01B33-EBEA-4F98-B9B4-84EACCB95AA2): 0
LogDevObjectVersion:   Dev-Platform (6631380F-2D4D-43E0-8009-CF276956A95A): 0
LogDevObjectVersion:   Dev-Rendering (12F88B9F-8875-4AFC-A67C-D90C383ABD29): 15
LogDevObjectVersion:   Dev-Sequencer (7B5AE74C-D270-4C10-A958-57980B212A5A): 4
LogDevObjectVersion:   Dev-VR (D7296918-1DD6-4BDD-9DE2-64A83CC13884): 0
LogDevObjectVersion:   Dev-LoadTimes (C2A15278-BFE7-4AFE-6C17-90FF531DF755): 1
LogDevObjectVersion:   Private-Geometry (6EACA3D4-40EC-4CC1-B786-8BED09428FC5): 1
LogDevObjectVersion:   Dev-AnimPhys (29E575DD-E0A3-4627-9D10-D276232CDCEA): 3
LogInit: Compiled (64-bit): Jul 28 2017 11:49:47
LogInit: Compiled with Visual C++: 19.00.24215.01
LogInit: Build Configuration: Development
LogInit: Branch Name: ++UE4+Release-4.16
LogInit: Command line: -EpicPortal 
LogInit: Base directory: C:/Program Files/Epic Games/UE_4.16/Engine/Binaries/Win64/
LogInit: Installed Engine Build: 1
LogInit: Presizing for max 8388607 objects, including 0 objects not considered by GC, pre-allocating 0 bytes for permanent pool.
LogInit: Object subsystem initialized
[2018.06.17-00.02.32:075][  0]LogInit: Selected Device Profile: [Windows]
[2018.06.17-00.02.32:075][  0]LogInit: Applying CVar settings loaded from the selected device profile: [Windows]
[2018.06.17-00.02.32:219][  0]LogInit: Computer: DESKTOP-J9KQ5M7
[2018.06.17-00.02.32:219][  0]LogInit: User: Islam
[2018.06.17-00.02.32:219][  0]LogInit: CPU Page size=4096, Cores=2
[2018.06.17-00.02.32:219][  0]LogInit: High frequency timer resolution =2.533200 MHz
[2018.06.17-00.02.32:219][  0]LogMemory: Memory total: Physical=7.9GB (8GB approx)
[2018.06.17-00.02.32:219][  0]LogMemory: Platform Memory Stats for Windows
[2018.06.17-00.02.32:219][  0]LogMemory: Process Physical Memory: 272.65 MB used, 272.65 MB peak
[2018.06.17-00.02.32:219][  0]LogMemory: Process Virtual Memory: 266.68 MB used, 266.68 MB peak
[2018.06.17-00.02.32:219][  0]LogMemory: Physical Memory: 6217.16 MB used,  1909.13 MB free, 8126.29 MB total
[2018.06.17-00.02.32:219][  0]LogMemory: Virtual Memory: 4772.20 MB used,  1909.13 MB free, 134217728.00 MB total
[2018.06.17-00.02.32:325][  0]LogInit: Using OS detected language (en-US).
[2018.06.17-00.02.32:325][  0]LogInit: Using OS detected locale (en-US).
[2018.06.17-00.02.32:558][  0]LogTextLocalizationManager: No specific localization for 'en-US' exists, so the 'en' localization will be used.
[2018.06.17-00.02.34:997][  0]LogD3D11RHI: D3D11 adapters:
[2018.06.17-00.02.35:064][  0]LogD3D11RHI:    0. 'NVIDIA GeForce 840M' (Feature Level 11_0)
[2018.06.17-00.02.35:064][  0]LogD3D11RHI:       2010/0/4063 MB DedicatedVideo/DedicatedSystem/SharedSystem, Outputs:1, VendorId:0x10de
[2018.06.17-00.02.35:073][  0]LogD3D11RHI:    1. 'Intel(R) HD Graphics Family' (Feature Level 11_0)
[2018.06.17-00.02.35:073][  0]LogD3D11RHI:       112/0/2048 MB DedicatedVideo/DedicatedSystem/SharedSystem, Outputs:0, VendorId:0x8086
[2018.06.17-00.02.35:076][  0]LogD3D11RHI:    2. 'Microsoft Basic Render Driver' (Feature Level 11_0)
[2018.06.17-00.02.35:076][  0]LogD3D11RHI:       0/0/4063 MB DedicatedVideo/DedicatedSystem/SharedSystem, Outputs:0, VendorId:0x1414
[2018.06.17-00.02.35:076][  0]LogD3D11RHI: Chosen D3D11 Adapter: 0
[2018.06.17-00.02.35:095][  0]LogD3D11RHI: Creating new Direct3DDevice
[2018.06.17-00.02.35:095][  0]LogD3D11RHI:     GPU DeviceId: 0x1341 (for the marketing name, search the web for "GPU Device Id")
[2018.06.17-00.02.35:095][  0]LogWindows: EnumDisplayDevices:
[2018.06.17-00.02.35:095][  0]LogWindows:    0. 'Intel(R) HD Graphics Family' (P:1 D:1)
[2018.06.17-00.02.35:096][  0]LogWindows:    1. 'Intel(R) HD Graphics Family' (P:0 D:0)
[2018.06.17-00.02.35:096][  0]LogWindows:    2. 'Intel(R) HD Graphics Family' (P:0 D:0)
[2018.06.17-00.02.35:096][  0]LogWindows: DebugString: GetVideoDriverDetailsInvalid PrimaryIsNotTheChoosenAdapter GetVideoDriverDetailsInvalid PrimaryIsNotTheChoosenAdapter GetVideoDriverDetailsInvalid PrimaryIsNotTheChoosenAdapter FoundDriverCount:0 
[2018.06.17-00.02.35:096][  0]LogD3D11RHI:     Adapter Name: NVIDIA GeForce 840M
[2018.06.17-00.02.35:096][  0]LogD3D11RHI:   Driver Version: Unknown (internal:Unknown, unified:Unknown)
[2018.06.17-00.02.35:096][  0]LogD3D11RHI:      Driver Date: Unknown
[2018.06.17-00.02.35:096][  0]LogRHI: Texture pool is 1361 MB (70% of 1945 MB)
[2018.06.17-00.02.35:155][  0]LogD3D11RHI: Async texture creation enabled
[2018.06.17-00.02.35:174][  0]LogD3D11RHI: GPU Timing Frequency: 1000.000000 (Debug: 2 2)
[2018.06.17-00.02.35:175][  0]LogShaderCompilers: Guid format shader working directory is -31 characters bigger than the processId version (../../../../../../Users/Islam/Documents/Unreal Projects/LevelCreationProject/Intermediate/Shaders/WorkingDirectory/11564/).
[2018.06.17-00.02.35:175][  0]LogShaderCompilers: Cleaned the shader compiler working directory 'C:/Users/Islam/AppData/Local/Temp/UnrealShaderWorkingDir/A7F3ED624BC3422A8B28A2B36440AB22/'.
[2018.06.17-00.02.35:175][  0]LogShaderCompilers:Display: Using Local Shader Compiler.
[2018.06.17-00.02.36:912][  0]LogTemp:Display: Loaded TP AllDesktopTargetPlatform
[2018.06.17-00.02.36:996][  0]LogTemp:Display: Loaded TP MacClientTargetPlatform
[2018.06.17-00.02.37:073][  0]LogTemp:Display: Loaded TP MacNoEditorTargetPlatform
[2018.06.17-00.02.37:153][  0]LogTemp:Display: Loaded TP MacServerTargetPlatform
[2018.06.17-00.02.37:249][  0]LogTemp:Display: Loaded TP MacTargetPlatform
[2018.06.17-00.02.37:321][  0]LogTemp:Display: Loaded TP WindowsClientTargetPlatform
[2018.06.17-00.02.37:403][  0]LogTemp:Display: Loaded TP WindowsNoEditorTargetPlatform
[2018.06.17-00.02.37:481][  0]LogTemp:Display: Loaded TP WindowsServerTargetPlatform
[2018.06.17-00.02.37:552][  0]LogTemp:Display: Loaded TP WindowsTargetPlatform
[2018.06.17-00.02.37:651][  0]LogTemp:Display: Loaded TP AndroidTargetPlatform
[2018.06.17-00.02.37:725][  0]LogTemp:Display: Loaded TP Android_ASTCTargetPlatform
[2018.06.17-00.02.37:799][  0]LogTemp:Display: Loaded TP Android_ATCTargetPlatform
[2018.06.17-00.02.37:884][  0]LogTemp:Display: Loaded TP Android_DXTTargetPlatform
[2018.06.17-00.02.37:970][  0]LogTemp:Display: Loaded TP Android_ETC1TargetPlatform
[2018.06.17-00.02.38:044][  0]LogTemp:Display: Loaded TP Android_ETC2TargetPlatform
[2018.06.17-00.02.38:204][  0]LogTemp:Display: Loaded TP Android_MultiTargetPlatform
[2018.06.17-00.02.38:204][  0]LogTemp:Display: Loaded TP Android_PVRTCTargetPlatform
[2018.06.17-00.02.38:276][  0]LogTemp:Display: Loaded TP HTML5TargetPlatform
[2018.06.17-00.02.38:429][  0]LogTemp:Display: Loaded TP IOSTargetPlatform
[2018.06.17-00.02.38:473][  0]LogTemp:Display: Loaded TP TVOSTargetPlatform
[2018.06.17-00.02.38:551][  0]LogTemp:Display: Loaded TP LinuxClientTargetPlatform
[2018.06.17-00.02.38:629][  0]LogTemp:Display: Loaded TP LinuxNoEditorTargetPlatform
[2018.06.17-00.02.38:704][  0]LogTemp:Display: Loaded TP LinuxServerTargetPlatform
[2018.06.17-00.02.38:795][  0]LogTemp:Display: Loaded TP LinuxTargetPlatform
[2018.06.17-00.02.38:795][  0]LogTargetPlatformManager:Display: Building Assets For Windows
[2018.06.17-00.02.39:626][  0]LogDerivedDataCache:Display: Max Cache Size: 512 MB
[2018.06.17-00.02.39:754][  0]LogDerivedDataCache: Loaded boot cache 0.13s 90MB C:/Users/Islam/AppData/Local/UnrealEngine/4.16/DerivedDataCache/Boot.ddc.
[2018.06.17-00.02.39:754][  0]LogDerivedDataCache:Display: Loaded Boot cache: C:/Users/Islam/AppData/Local/UnrealEngine/4.16/DerivedDataCache/Boot.ddc
[2018.06.17-00.02.39:754][  0]LogDerivedDataCache: FDerivedDataBackendGraph:  Pak pak cache file ../../../../../../Users/Islam/Documents/Unreal Projects/LevelCreationProject/DerivedDataCache/DDC.ddp not found, will not use a pak cache.
[2018.06.17-00.02.39:754][  0]LogDerivedDataCache: Unable to find inner node Pak for hierarchical cache Hierarchy.
[2018.06.17-00.02.39:754][  0]LogDerivedDataCache: FDerivedDataBackendGraph:  CompressedPak pak cache file ../../../../../../Users/Islam/Documents/Unreal Projects/LevelCreationProject/DerivedDataCache/Compressed.ddp not found, will not use a pak cache.
[2018.06.17-00.02.39:754][  0]LogDerivedDataCache: Unable to find inner node CompressedPak for hierarchical cache Hierarchy.
[2018.06.17-00.02.39:774][  0]LogDerivedDataCache:Display: Pak cache opened for reading ../../../Engine/DerivedDataCache/Compressed.ddp.
[2018.06.17-00.02.39:786][  0]LogDerivedDataCache: Using Local data cache path C:/Users/Islam/AppData/Local/UnrealEngine/Common/DerivedDataCache: Writable
[2018.06.17-00.02.39:798][  0]LogMaterial: Verifying Global Shaders for PCD3D_SM5
[2018.06.17-00.02.39:798][  0]LogSlate: Using Freetype 2.6.0
[2018.06.17-00.02.39:838][  0]LogSlate: SlateFontCache - WITH_FREETYPE: 1, WITH_HARFBUZZ: 1
[2018.06.17-00.02.39:838][  0]LogSlate: SlateFontCache - WITH_FREETYPE: 1, WITH_HARFBUZZ: 1
[2018.06.17-00.02.41:931][  0]LogInit: Selected Device Profile: [Windows]
[2018.06.17-00.02.42:059][  0]LogContentStreaming: Texture pool size is 0.00 MB
[2018.06.17-00.02.42:306][  0]LogMeshUtilities: Using QuadricMeshReduction for automatic static mesh reduction
[2018.06.17-00.02.42:374][  0]LogSimplygon: Simplygon DLL not present - disabling.
[2018.06.17-00.02.42:449][  0]LogMeshUtilities: Using SimplygonSwarm for distributed automatic mesh merging
[2018.06.17-00.02.42:449][  0]LogMeshUtilities: No automatic skeletal mesh reduction module available
[2018.06.17-00.02.42:449][  0]LogMeshUtilities: No automatic mesh merging module available
[2018.06.17-00.02.43:377][  0]LogNetVersion: LevelCreationProject , NetCL: 3452394, EngineNetVer: 2, GameNetVer: 0 (Checksum: 555572680)
[2018.06.17-00.02.43:464][  0]LogAssetRegistry: FAssetRegistry took 0.0266 seconds to start up
[2018.06.17-00.02.43:707][  0]LogPackageLocalizationCache: Processed 4 localized package path(s) for 2 prioritized culture(s) in 0.197609 seconds
[2018.06.17-00.02.43:714][  0]LogUObjectArray: 34194 objects as part of root set at end of initial load.
[2018.06.17-00.02.43:714][  0]LogUObjectAllocator: 7260424 out of 0 bytes used by permanent object pool.
[2018.06.17-00.02.43:714][  0]LogUObjectArray: CloseDisregardForGC: 0/0 objects in disregard for GC pool
[2018.06.17-00.02.43:814][  0]LogInit: WinSock: version 1.1 (2.2), MaxSocks=32767, MaxUdp=65467
[2018.06.17-00.03.11:301][  0]LogTcpMessaging: Initializing TcpMessaging bridge
[2018.06.17-00.03.11:362][  0]LogUdpMessaging: Initializing bridge on interface 0.0.0.0:0 to multicast group 230.0.0.1:6666.
[2018.06.17-00.03.12:866][  0]LogMaterial: Uniform references updated for custom material expression Custom.
[2018.06.17-00.03.13:566][  0]SourceControl: Info Source control is disabled
[2018.06.17-00.03.13:664][  0]SourceControl: Info Source control is disabled
[2018.06.17-00.03.13:757][  0]SourceControl: Info Source control is disabled
[2018.06.17-00.03.13:837][  0]SourceControl: Info Source control is disabled
[2018.06.17-00.03.14:388][  0]LogLinker:Warning: Can't find file '/Game/ThirdPersonBP/ThirdPersonOverview'
[2018.06.17-00.03.14:388][  0]LogLinker:Warning: Can't find file '/Game/ThirdPersonBP/ThirdPersonOverview'
[2018.06.17-00.03.14:388][  0]LogUObjectGlobals:Warning: Failed to find object 'Class /Game/ThirdPersonBP/ThirdPersonOverview.ThirdPersonOverview_C'
[2018.06.17-00.03.15:340][  0]LogAndroidPermission: UAndroidPermissionCallbackProxy::GetInstance
[2018.06.17-00.03.16:353][  0]LogEngine: Initializing Engine...
[2018.06.17-00.03.16:354][  0]LogHMD: Failed to initialize OpenVR with code 110
[2018.06.17-00.03.16:632][  0]LogStats: UGameplayTagsManager::ConstructGameplayTagTree: Construct from data asset -  0.000 s
[2018.06.17-00.03.16:632][  0]LogStats: UGameplayTagsManager::ConstructGameplayTagTree: GameplayTagTreeChangedEvent.Broadcast -  0.000 s
[2018.06.17-00.03.16:900][  0]LogAIModule: Creating AISystem for world Untitled
[2018.06.17-00.03.16:909][  0]LogInit: XAudio2 using 'Speaker/HP (Realtek High Definition Audio)' : 2 channels at 48 kHz using 32 bits per sample (channel mask 0x3)
[2018.06.17-00.03.16:959][  0]LogInit: FAudioDevice initialized.
[2018.06.17-00.03.17:028][  0]LogDerivedDataCache: Saved boot cache 0.07s 90MB C:/Users/Islam/AppData/Local/UnrealEngine/4.16/DerivedDataCache/Boot.ddc.
[2018.06.17-00.03.17:044][  0]LogInit: Texture streaming: Enabled
[2018.06.17-00.03.17:212][  0]LogEngineSessionManager: EngineSessionManager initialized
[2018.06.17-00.03.17:825][  0]LogInit: Transaction tracking system initialized
[2018.06.17-00.03.18:372][  0]BlueprintLog: New page: Editor Load
[2018.06.17-00.03.20:371][  0]LocalizationService: Info Localization service is disabled
[2018.06.17-00.03.21:784][  0]LogConsoleResponse:Display: 
[2018.06.17-00.03.22:918][  0]LogCook:Display: Max memory allowance for cook 16384mb min free memory 0mb
[2018.06.17-00.03.22:918][  0]LogCook:Display: Mobile HDR setting 1
[2018.06.17-00.03.24:412][  0]LogFileCache: Scanning file cache for directory 'C:/Users/Islam/Documents/Unreal Projects/LevelCreationProject/Content/' took 0.21s
[2018.06.17-00.03.25:870][  0]SourceControl: Info Source control is disabled
[2018.06.17-00.03.25:870][  0]Cmd: MAP LOAD FILE="../../../../../../Users/Islam/Documents/Unreal Projects/LevelCreationProject/Content/FirstPersonBP/Maps/FirstPersonExampleMap.umap" TEMPLATE=0 SHOWPROGRESS=1 FEATURELEVEL=3
[2018.06.17-00.03.25:913][  0]LightingResults: New page: Lighting Build
[2018.06.17-00.03.25:983][  0]MapCheck: New page: Map Check
[2018.06.17-00.03.25:984][  0]LightingResults: New page: Lighting Build
[2018.06.17-00.03.36:410][  0]LogAIModule: Creating AISystem for world FirstPersonExampleMap
[2018.06.17-00.03.36:834][  0]LogEditorServer: Finished looking for orphan Actors (0.000 secs)
[2018.06.17-00.03.36:863][  0]Cmd: MAP CHECKDEP NOCLEARLOG
[2018.06.17-00.03.36:946][  0]MapCheck: Info Map check complete: 0 Error(s), 0 Warning(s), took 82.548ms to complete.
[2018.06.17-00.03.36:946][  0]LogFileHelpers: Loading map 'FirstPersonExampleMap' took 11.076
[2018.06.17-00.03.38:321][  0]LogCollectionManager: Loaded 0 collections in 0.020997 seconds
[2018.06.17-00.03.38:724][  0]LogFileCache: Scanning file cache for directory 'C:/Users/Islam/Documents/Unreal Projects/LevelCreationProject/Saved/Collections/' took 0.01s
[2018.06.17-00.03.38:724][  0]LogFileCache: Scanning file cache for directory 'C:/Users/Islam/Documents/Unreal Projects/LevelCreationProject/Content/Developers/Islam/Collections/' took 0.01s
[2018.06.17-00.03.38:724][  0]LogFileCache: Scanning file cache for directory 'C:/Users/Islam/Documents/Unreal Projects/LevelCreationProject/Content/Collections/' took 0.01s
[2018.06.17-00.03.38:724][  0]LogCollectionManager: Rebuilt the GUID cache for 0 collections in 0.000003 seconds
[2018.06.17-00.03.38:761][  0]LogContentBrowser: Native class hierarchy populated in 0.0194 seconds. Added 2329 classes and 491 folders.
[2018.06.17-00.03.38:957][  0]LogContentBrowser: Native class hierarchy updated for 'WidgetCarousel' in 0.0007 seconds. Added 0 classes and 0 folders.
[2018.06.17-00.03.42:453][  0]LogContentBrowser: Native class hierarchy updated for 'AddContentDialog' in 0.0007 seconds. Added 0 classes and 0 folders.
[2018.06.17-00.03.42:595][  0]LogContentBrowser: Native class hierarchy updated for 'SceneOutliner' in 0.0011 seconds. Added 1 classes and 2 folders.
[2018.06.17-00.03.43:296][  0]LogCrashTracker: Crashtracker disabled due to settings.
[2018.06.17-00.03.47:889][  0]LogSlate: Only BGRA pngs, bmps or icos are supported in by External Image Picker
[2018.06.17-00.03.48:233][  0]LogSlate: Took 0.000386 seconds to synchronously load lazily loaded font '../../../Engine/Content/Slate/Fonts/Roboto-Regular.ttf' (155K)
[2018.06.17-00.03.48:267][  0]LogSlate: Took 0.000289 seconds to synchronously load lazily loaded font '../../../Engine/Content/Slate/Fonts/Roboto-Bold.ttf' (160K)
[2018.06.17-00.03.48:628][  0]LogSlate: Took 0.034610 seconds to synchronously load lazily loaded font '../../../Engine/Content/Editor/Slate/Fonts/FontAwesome.ttf' (139K)
[2018.06.17-00.03.50:638][  0]LogTemp: Executing iPhonePackager certificates Engine -bundlename com.YourCompany.LevelCreationProject
[2018.06.17-00.03.50:638][  0]LogTemp: CWD: C:\Program Files\Epic Games\UE_4.16\Engine\Binaries\DotNET\IOS
[2018.06.17-00.03.50:638][  0]LogTemp: Initial Dir: C:\Program Files\Epic Games\UE_4.16
[2018.06.17-00.03.50:638][  0]LogTemp: Env CWD: C:\Program Files\Epic Games\UE_4.16\Engine\Binaries\DotNET\IOS
[2018.06.17-00.03.50:638][  0]LogTemp: BranchPath = DESKTOP-J9KQ5M7/C/Program Files/Epic Games/UE_4.16/Engine/Binaries --- GameBranchPath = DESKTOP-J9KQ5M7/C/Program Files/Epic Games/UE_4.16/Engine/Binaries
[2018.06.17-00.03.50:638][  0]LogRenderer: Reallocating scene render targets to support 660x404 NumSamples 1 (Frame:1).
[2018.06.17-00.03.52:269][  0]LogTemp: IPP ERROR: Could not find provision directory 'C:\Users\Islam\AppData\Local/Apple Computer/MobileDevice/Provisioning Profiles/'.
[2018.06.17-00.03.52:269][  0]LogUObjectGlobals:Warning: Failed to find object 'Class None.'
[2018.06.17-00.03.52:430][  0]LogContentBrowser: Native class hierarchy updated for 'HierarchicalLODOutliner' in 0.0007 seconds. Added 1 classes and 2 folders.
[2018.06.17-00.03.52:431][  0]LogLoad: (Engine Initialization) Total time: 85.22 seconds
[2018.06.17-00.03.52:431][  0]LogLoad: (Engine Initialization) Total Blueprint compile time: 0.49 seconds
[2018.06.17-00.03.52:431][  0]LogExternalProfiler: Found external profiler: VSPerf
[2018.06.17-00.03.52:431][  0]LogExternalProfiler: Using external profiler: VSPerf
[2018.06.17-00.03.52:477][  0]LogWindowsTextInputMethodSystem:Display: IME system now deactivated.
[2018.06.17-00.03.52:478][  0]LogOcInput: OculusInput pre-init called
[2018.06.17-00.03.52:479][  0]LogHMD: Starting GearVRController plugin
[2018.06.17-00.03.52:615][  0]LogContentStreaming: Texture pool size now 1000 MB
[2018.06.17-00.03.53:133][  3]LogAssetRegistry: Asset discovery search completed in 69.6910 seconds
[2018.06.17-00.03.53:135][  3]LogCollectionManager: Rebuilt the object cache for 0 collections in 0.000001 seconds (found 0 objects)
[2018.06.17-00.03.53:135][  3]LogCollectionManager: Fixed up redirectors for 0 collections in 0.000043 seconds (updated 0 objects)
[2018.06.17-00.03.53:666][ 13]LogSlate: Took 0.145485 seconds to synchronously load lazily loaded font '../../../Engine/Content/Slate/Fonts/Roboto-Light.ttf' (159K)
[2018.06.17-00.03.57:185][186]LogSlate: Took 0.000285 seconds to synchronously load lazily loaded font '../../../Engine/Content/Slate/Fonts/Roboto-Light.ttf' (159K)
[2018.06.17-00.04.02:167][443]LogSlate: Took 0.000229 seconds to synchronously load lazily loaded font '../../../Engine/Content/Slate/Fonts/Roboto-Light.ttf' (159K)
[2018.06.17-00.04.03:136][443]LogSlate: Took 0.000220 seconds to synchronously load lazily loaded font '../../../Engine/Content/Slate/Fonts/Roboto-Regular.ttf' (155K)
[2018.06.17-00.04.03:550][443]LogContentBrowser: Native class hierarchy updated for 'BlueprintGraph' in 0.0011 seconds. Added 112 classes and 0 folders.
[2018.06.17-00.04.06:466][443]LogSlate: Took 0.075485 seconds to synchronously load lazily loaded font '../../../Engine/Content/Editor/Slate/Fonts/Roboto-BoldCondensed.ttf' (158K)
[2018.06.17-00.04.07:490][444]LogSlate: Took 0.028707 seconds to synchronously load lazily loaded font '../../../Engine/Content/Editor/Slate/Fonts/Roboto-Italic.ttf' (157K)
[2018.06.17-00.04.23:282][ 22]LogAIModule: Creating AISystem for world LevelDesign
[2018.06.17-00.04.23:363][ 22]Cmd: MAP LOAD FILE="../../../../../../Users/Islam/Documents/Unreal Projects/LevelCreationProject/Content/Levels/LevelDesign.umap" TEMPLATE=0 SHOWPROGRESS=1 FEATURELEVEL=3
[2018.06.17-00.04.23:363][ 22]LightingResults: New page: Lighting Build
[2018.06.17-00.04.23:364][ 22]LoadErrors: New page: Loading map: LevelDesign.umap
[2018.06.17-00.04.23:364][ 22]MapCheck: New page: Map Check
[2018.06.17-00.04.23:376][ 22]LightingResults: New page: Lighting Build
[2018.06.17-00.04.23:583][ 22]LogEditorServer: Finished looking for orphan Actors (0.000 secs)
[2018.06.17-00.04.23:649][ 22]Cmd: MAP CHECKDEP NOCLEARLOG
[2018.06.17-00.04.23:742][ 22]MapCheck: Info Map check complete: 0 Error(s), 0 Warning(s), took 92.213ms to complete.
[2018.06.17-00.04.23:742][ 22]LogFileHelpers: Loading map 'LevelDesign' took 0.380
[2018.06.17-00.04.46:347][284]LogTemp: Repeting last play command: Selected Viewport
[2018.06.17-00.04.46:601][284]LogPlayLevel: PlayLevel: No blueprints needed recompiling
[2018.06.17-00.04.46:675][284]PIE: New page: PIE session: LevelDesign (Jun 17, 2018, 4:04:46 AM)
[2018.06.17-00.04.46:708][284]LogPlayLevel: Creating play world package: /Game/Levels/UEDPIE_0_LevelDesign
[2018.06.17-00.04.46:774][284]LogPlayLevel: PIE: StaticDuplicateObject took: (0.065980s)
[2018.06.17-00.04.46:774][284]LogAIModule: Creating AISystem for world LevelDesign
[2018.06.17-00.04.46:775][284]LogPlayLevel: PIE: World Init took: (0.000786s)
[2018.06.17-00.04.46:796][284]LogPlayLevel: PIE: Created PIE world by copying editor world from /Game/Levels/LevelDesign.LevelDesign to /Game/Levels/UEDPIE_0_LevelDesign.LevelDesign (0.099087s)
[2018.06.17-00.04.46:876][284]LogInit: XAudio2 using 'Speaker/HP (Realtek High Definition Audio)' : 2 channels at 48 kHz using 32 bits per sample (channel mask 0x3)
[2018.06.17-00.04.46:898][284]LogInit: FAudioDevice initialized.
[2018.06.17-00.04.47:009][284]LogLoad: Game class is 'FirstPersonGameMode_C'
[2018.06.17-00.04.47:167][284]LogWorld: Bringing World /Game/Levels/UEDPIE_0_LevelDesign.LevelDesign up for play (max tick rate 60) at 2018.06.17-02.04.47
[2018.06.17-00.04.47:237][284]LogWorld: Bringing up level for play took: 0.032823
[2018.06.17-00.04.47:549][284]LogContentBrowser: Native class hierarchy updated for 'MovieSceneCapture' in 0.0014 seconds. Added 11 classes and 0 folders.
[2018.06.17-00.04.47:697][284]PIE: Info Play in editor start time for /Game/Levels/UEDPIE_0_LevelDesign 1.888
[2018.06.17-00.04.55:406][656]Cmd: CAMERA ALIGN ACTIVEVIEWPORTONLY
[2018.06.17-00.05.05:739][228]LogEditorViewport: Clicking on Actor (LMB): BP_Sky_Sphere_C (Sky Sphere)
[2018.06.17-00.06.12:745][ 66]LogEditorViewport: Clicking on Actor (LMB): BP_Sky_Sphere_C (Sky Sphere)
[2018.06.17-00.06.15:967][231]LogEditorViewport: Clicking on Actor (LMB): DirectionalLight (Light Source)
[2018.06.17-00.07.51:807][424]LogEditorViewport: Clicking on Actor (context menu): StaticMeshActor (SM_WindowFrame)
[2018.06.17-00.07.53:210][465]LogEditorViewport: Clicking on Actor (context menu): BP_Sky_Sphere_C (Sky Sphere)
[2018.06.17-00.07.54:902][521]LogEditorViewport: Clicking on Actor (context menu): BP_Sky_Sphere_C (Sky Sphere)
[2018.06.17-00.07.55:583][548]LogEditorViewport: Clicking on Actor (context menu): BP_Sky_Sphere_C (Sky Sphere)
[2018.06.17-00.07.59:553][770]LogEditorViewport: Clicking on Actor (LMB): BP_Sky_Sphere_C (Sky Sphere)
[2018.06.17-00.08.07:704][222]LogEditorViewport: Clicking on Actor (LMB): DirectionalLight (Light Source)
[2018.06.17-00.08.29:225][383]LogEditorViewport: Clicking on Actor (LMB): BP_Sky_Sphere_C (Sky Sphere)
[2018.06.17-00.08.33:525][630]LogEditorViewport: Clicking on Actor (LMB): BP_Sky_Sphere_C (Sky Sphere)
[2018.06.17-00.08.34:089][658]LogEditorViewport: Clicking on Actor (LMB): BP_Sky_Sphere_C (Sky Sphere)
[2018.06.17-00.08.34:722][692]LogEditorViewport: Clicking on Actor (LMB): BP_Sky_Sphere_C (Sky Sphere)
[2018.06.17-00.08.35:302][724]LogEditorViewport: Clicking on Actor (LMB): StaticMeshActor (Pillar_50x503)
[2018.06.17-00.08.36:123][768]LogEditorViewport: Clicking on Actor (LMB): BP_Sky_Sphere_C (Sky Sphere)
[2018.06.17-00.08.36:864][808]LogEditorViewport: Clicking on Actor (LMB): BP_Sky_Sphere_C (Sky Sphere)
[2018.06.17-00.08.37:311][832]LogEditorViewport: Clicking on Actor (context menu): BP_Sky_Sphere_C (Sky Sphere)
[2018.06.17-00.08.37:904][857]LogEditorViewport: Clicking on Actor (LMB): BP_Sky_Sphere_C (Sky Sphere)
[2018.06.17-00.08.47:056][395]LogEditorViewport: Clicking on Actor (LMB): StaticMeshActor (Pillar_50x503)
[2018.06.17-00.08.48:221][459]LogEditorViewport: Clicking on Actor (LMB): BP_Sky_Sphere_C (Sky Sphere)
[2018.06.17-00.09.21:221][749]MapCheck: New page: Map Check
[2018.06.17-00.09.21:400][749]Cmd: MAP REBUILD ALLVISIBLE
[2018.06.17-00.09.21:421][749]LogEditorServer: Rebuildmap Clear paths rebuilt
[2018.06.17-00.09.21:781][749]LogMaterial: Missing cached shader map for material FDebugViewModeMaterialProxy WorldGridMaterial, compiling. Is special engine material.
[2018.06.17-00.09.21:883][749]LogMaterial: Missing cached shader map for material FDebugViewModeMaterialProxy MaterialInstanceDynamic_2, compiling. 
[2018.06.17-00.09.21:893][749]LogMaterial: Missing cached shader map for material FDebugViewModeMaterialProxy M_Wood_Floor_Walnut_Worn, compiling. 
[2018.06.17-00.09.21:918][749]LogMaterial: Missing cached shader map for material FDebugViewModeMaterialProxy M_Rock_Marble_Polished, compiling. 
[2018.06.17-00.09.21:960][749]LogMaterial: Missing cached shader map for material FDebugViewModeMaterialProxy M_Basic_Wall, compiling. 
[2018.06.17-00.09.21:966][749]LogMaterial: Missing cached shader map for material FDebugViewModeMaterialProxy M_Brick_Clay_New, compiling. 
[2018.06.17-00.09.21:973][749]LogMaterial: Missing cached shader map for material FDebugViewModeMaterialProxy M_Basic_Floor, compiling. 
[2018.06.17-00.09.22:005][749]LogMaterial: Missing cached shader map for material FDebugViewModeMaterialProxy M_Frame, compiling. 
[2018.06.17-00.09.24:979][749]TextureStreamingBuild:Display: Compiling optional shaders took 3.206 seconds.
[2018.06.17-00.09.25:058][749]LogLevel:Display: Export Material TexCoord Scales took 0.078 seconds.
[2018.06.17-00.09.25:086][749]TextureStreamingBuild:Display: Build Texture Streaming took 0.028 seconds.
[2018.06.17-00.09.25:145][749]LightingResults: New page: Lighting Build - Jun 17, 2018, 4:09:25 AM
[2018.06.17-00.09.25:899][749]LogSwarmInterface: [OpenConnection] Registering TCP channel ...
[2018.06.17-00.09.26:463][749]LogSwarmInterface: [OpenConnection] Connecting to agent ...
[2018.06.17-00.09.27:116][749]LogSwarmInterface: [TryOpenConnection] Testing the Agent
[2018.06.17-00.09.31:784][749]LogSwarmInterface:Error: [TryOpenConnection] Waiting for the agent to start up ...
[2018.06.17-00.09.31:918][749]LogSwarmInterface:Error: System.Net.Sockets.SocketException (0x80004005): No connection could be made because the target machine actively refused it 127.0.0.1:8008

Server stack trace: 
   at System.Net.Sockets.Socket.DoConnect(EndPoint endPointSnapshot, SocketAddress socketAddress)
   at System.Net.Sockets.Socket.Connect(EndPoint remoteEP)
   at System.Runtime.Remoting.Channels.RemoteConnection.CreateNewSocket(EndPoint ipEndPoint)
   at System.Runtime.Remoting.Channels.SocketCache.GetSocket(String machinePortAndSid, Boolean openNew)
   at System.Runtime.Remoting.Channels.Tcp.TcpClientTransportSink.SendRequestWithRetry(IMessage msg, ITransportHeaders requestHeaders, Stream requestStream)
   at System.Runtime.Remoting.Channels.Tcp.TcpClientTransportSink.AsyncProcessRequest(IClientChannelSinkStack sinkStack, IMessage msg, ITransportHeaders headers, Stream stream)
   at System.Runtime.Remoting.Channels.BinaryClientFormatterSink.AsyncProcessMessage(IMessage msg, IMessageSink replySink)

Exception rethrown at [0]: 
   at System.Runtime.Remoting.Proxies.RealProxy.HandleReturnMessage(IMessage reqMsg, IMessage retMsg)
   at System.Runtime.Remoting.Proxies.RealProxy.PrivateInvoke(MessageData& msgData, Int32 type)
   at NSwarm.IAgentInterfaceWrapper.MethodDelegate.EndInvoke(Hashtable& OutParameters, IAsyncResult result)
   at NSwarm.FSwarmInterface.TryOpenConnection(FConnectionCallback CallbackFunc, IntPtr CallbackData, ELogFlags LoggingFlags)
[2018.06.17-00.09.37:201][749]LogSwarmInterface: [TryOpenConnection] Opening Connection to Agent
[2018.06.17-00.09.37:202][749]LogSwarmInterface: [TryOpenConnection] Local Process ID is 11564
[2018.06.17-00.09.47:778][749]LogStaticLightingSystem:Warning: No importance volume found, so the scene bounding box was used.  You can optimize your scene's quality and lighting build times by adding importance volumes.
[2018.06.17-00.09.47:843][749]LogStaticLightingSystem: Running Lightmass w/ ImmediateImport mode ENABLED
[2018.06.17-00.09.47:843][749]LogStaticLightingSystem: Running Lightmass w/ ImmediateProcess mode ENABLED
[2018.06.17-00.09.47:843][749]LogStaticLightingSystem: Running Lightmass w/ Sorting mode ENABLED
[2018.06.17-00.09.47:843][749]LogStaticLightingSystem: Running Lightmass w/ Mapping paddings ENABLED
[2018.06.17-00.09.47:843][749]LogStaticLightingSystem: Running Lightmass w/ Mapping debug paddings DISABLED
[2018.06.17-00.09.49:183][749]Cmd: MAP CHECK DONTDISPLAYDIALOG
[2018.06.17-00.09.49:183][749]MapCheck: New page: LevelDesign - Jun 17, 2018, 4:09:49 AM
[2018.06.17-00.09.49:241][749]MapCheck:Error: Error WorldSettings_1 Maps need lighting rebuilt 
[2018.06.17-00.09.49:331][749]MapCheck: Info Map check complete: 1 Error(s), 0 Warning(s), took 148.154ms to complete.
[2018.06.17-00.09.49:355][749]LogEditorBuildUtils: Build time 0:28
[2018.06.17-00.09.49:644][750]LogMaterial: Missing cached shader map for material FLightmassMaterialRenderer M_Basic_Wall, compiling. 
[2018.06.17-00.09.49:736][750]LogMaterial: Missing cached shader map for material FLightmassMaterialRenderer M_Basic_Wall, compiling. 
[2018.06.17-00.09.49:814][752]LogMaterial: Missing cached shader map for material FLightmassMaterialRenderer M_Rock_Marble_Polished, compiling. 
[2018.06.17-00.09.49:826][752]LogMaterial: Missing cached shader map for material FLightmassMaterialRenderer M_Rock_Marble_Polished, compiling. 
[2018.06.17-00.09.49:864][753]LogMaterial: Missing cached shader map for material FLightmassMaterialRenderer M_Brick_Clay_New, compiling. 
[2018.06.17-00.09.49:874][753]LogMaterial: Missing cached shader map for material FLightmassMaterialRenderer M_Brick_Clay_New, compiling. 
[2018.06.17-00.09.49:898][754]LogMaterial: Missing cached shader map for material FLightmassMaterialRenderer M_Basic_Floor, compiling. 
[2018.06.17-00.09.49:924][754]LogMaterial: Missing cached shader map for material FLightmassMaterialRenderer M_Basic_Floor, compiling. 
[2018.06.17-00.10.05:089][955]Job is a success!
[2018.06.17-00.10.06:720][956]LogTexture:Display: Building textures: LQ_Lightmap_0_1 (DXT1, 256X256)
[2018.06.17-00.10.06:720][956]LogTexture:Display: Building textures: HQ_Lightmap0_1 (AutoDXT, 256X256)
[2018.06.17-00.10.06:720][956]LogTexture:Display: Building textures: HQ_Lightmap0_2 (AutoDXT, 1024X1024)
[2018.06.17-00.10.06:720][956]LogTexture:Display: Building textures: LQ_Lightmap_0_2 (DXT1, 1024X1024)
[2018.06.17-00.10.06:720][956]LogTexture:Display: Building textures: HQ_Lightmap1_3 (AutoDXT, 64X64)
[2018.06.17-00.10.06:720][956]LogTexture:Display: Building textures: LQ_Lightmap_1_3 (DXT1, 64X64)
[2018.06.17-00.10.06:920][956]LogTexture:Display: Building textures: ShadowMapTexture2D_0 (BGRA8, 256X128)
[2018.06.17-00.10.07:003][956]LogTexture:Display: Building textures: ShadowMapTexture2D_1 (BGRA8, 1024X256)
[2018.06.17-00.10.07:003][956]LogTexture:Display: Building textures: ShadowMapTexture2D_5 (G8, 32X32)
[2018.06.17-00.10.07:674][956]Lightmass on DESKTOP-J9KQ5M7: 10.8 sec total, 1.18 sec importing, 282 ms setup, 811 ms photons, 8.48 sec processing, 0 ms extra exporting [79/79 mappings]. Threads: 33.8 sec total, 17.3 sec processing.
[2018.06.17-00.10.07:749][956]LogStaticLightingSystem: Illumination: 42.2 sec (1.03 sec encoding lightmaps, 280 ms encoding shadowmaps)
[2018.06.17-00.10.07:749][956]LogStaticLightingSystem: Lightmap texture memory:  2.1 MB (2.0 MB streaming, 0.1 MB non-streaming), 6 textures
[2018.06.17-00.10.07:749][956]LogStaticLightingSystem: Shadowmap texture memory: 1.5 MB (1.3 MB streaming, 0.2 MB non-streaming), 3 textures
[2018.06.17-00.10.14:826][956]DumpUnbuiltLightIteractions
[2018.06.17-00.10.14:826][956]Lights with unbuilt interactions: 0
[2018.06.17-00.10.14:826][956]
[2018.06.17-00.10.14:826][956]Primitives with unbuilt interactions: 0
[2018.06.17-00.10.14:893][957]Cmd: MAP CHECK NOTIFYRESULTS
[2018.06.17-00.10.14:893][957]MapCheck: New page: LevelDesign - Jun 17, 2018, 4:10:14 AM
[2018.06.17-00.10.15:040][957]MapCheck: Info Map check complete: 0 Error(s), 0 Warning(s), took 147.496ms to complete.
[2018.06.17-00.10.54:173][235]LogActorFactory: Actor Factory created SM_PillarFrame
[2018.06.17-00.10.57:936][454]LogActorFactory: Actor Factory created SM_PillarFrame
[2018.06.17-00.12.04:183][962]LogEditorViewport: Clicking on Actor (LMB): BP_Sky_Sphere_C (Sky Sphere)
[2018.06.17-00.12.07:905][167]LogEditorViewport: Clicking on Actor (LMB): StaticMeshActor (SM_PillarFrame)
[2018.06.17-00.12.12:004][396]LogEditorViewport: Clicking on Actor (LMB): StaticMeshActor (SM_PillarFrame)
[2018.06.17-00.12.27:664][303]LogEditorViewport: Clicking on Actor (LMB): StaticMeshActor (SM_PillarFrame)
[2018.06.17-00.12.56:215][938]LogEditorViewport: Clicking on Actor (LMB): BP_Sky_Sphere_C (Sky Sphere)
[2018.06.17-00.13.02:179][286]LogEditorViewport: Clicking on Actor (LMB): StaticMeshActor (SM_PillarFrame)
[2018.06.17-00.13.09:066][689]LogEditorViewport: Clicking on Actor (LMB): BP_Sky_Sphere_C (Sky Sphere)
[2018.06.17-00.13.15:876][ 80]LogEditorViewport: Clicking on Actor (LMB): StaticMeshActor (SM_PillarFrame)
[2018.06.17-00.13.27:301][702]LogEditorViewport: Clicking on Actor (LMB): BP_Sky_Sphere_C (Sky Sphere)
[2018.06.17-00.13.29:388][812]LogEditorViewport: Clicking on Actor (LMB): StaticMeshActor (SM_PillarFrame)
[2018.06.17-00.13.44:141][588]LogEditorViewport: Clicking on Actor (LMB): BP_Sky_Sphere_C (Sky Sphere)
[2018.06.17-00.14.10:669][137]LogEditorViewport: Clicking on Actor (LMB): StaticMeshActor (Pillar_50x502)
[2018.06.17-00.14.16:782][486]LogEditorViewport: Clicking on Actor (LMB): StaticMeshActor (Pillar_50x502)
[2018.06.17-00.14.23:188][861]Cmd: TRANSACTION UNDO
[2018.06.17-00.14.23:188][861]LogEditorTransaction: Undo Move Actors
[2018.06.17-00.14.29:682][186]LogEditorViewport: Clicking on Actor (LMB): StaticMeshActor (Pillar_50x502)
[2018.06.17-00.14.52:088][498]LogEditorViewport: Clicking on Actor (LMB): BP_Sky_Sphere_C (Sky Sphere)
[2018.06.17-00.15.42:244][ 30]LogSavePackage: Save=147.06ms
[2018.06.17-00.15.42:244][ 30]LogSavePackage: Moving '../../../../../../Users/Islam/Documents/Unreal Projects/LevelCreationProject/Saved/LevelDesign_Auto1231BC2614CECF29ADF3FEDB484082A20.tmp' to '../../../../../../Users/Islam/Documents/Unreal Projects/LevelCreationProject/Saved/Autosaves/Game/Levels/LevelDesign_Auto1.umap'
[2018.06.17-00.15.42:264][ 30]LogSavePackage:Display: Finished SavePackage ../../../../../../Users/Islam/Documents/Unreal Projects/LevelCreationProject/Saved/Autosaves/Game/Levels/LevelDesign_Auto1.umap
[2018.06.17-00.15.42:268][ 30]LogFileHelpers: Editor autosave (incl. sublevels) for '/Game/Levels/LevelDesign' took 0.420
[2018.06.17-00.15.42:268][ 30]LogFileHelpers: Editor autosave (incl. sublevels) for all levels took 0.420
[2018.06.17-00.15.42:287][ 30]OBJ SavePackage: Generating thumbnails for [0] asset(s) in package [/Game/Levels/LevelDesign_BuiltData] ([1] browsable assets)...
[2018.06.17-00.15.42:287][ 30]OBJ SavePackage: Finished generating thumbnails for package [/Game/Levels/LevelDesign_BuiltData]
[2018.06.17-00.15.42:325][ 30]LogSavePackage: Save=24.89ms
[2018.06.17-00.15.42:325][ 30]LogSavePackage: Moving '../../../../../../Users/Islam/Documents/Unreal Projects/LevelCreationProject/Saved/LevelDesign_BuiltData_Auto11552E9E447E3F246694FC0A831FCEBC5.tmp' to '../../../../../../Users/Islam/Documents/Unreal Projects/LevelCreationProject/Saved/Autosaves/Game/Levels/LevelDesign_BuiltData_Auto1.uasset'
[2018.06.17-00.15.42:327][ 30]LogSavePackage:Display: Finished SavePackage ../../../../../../Users/Islam/Documents/Unreal Projects/LevelCreationProject/Saved/Autosaves/Game/Levels/LevelDesign_BuiltData_Auto1.uasset
[2018.06.17-00.15.42:327][ 30]LogFileHelpers: Auto-saving content packages took 0.045
[2018.06.17-00.15.49:578][335]LogEditorViewport: Clicking on Actor (LMB): StaticMeshActor (SM_PillarFrame)
[2018.06.17-00.16.16:655][883]LogEditorViewport: Clicking on Actor (LMB): BP_Sky_Sphere_C (Sky Sphere)
[2018.06.17-00.17.04:605][ 43]LogEditorViewport: Clicking on Actor (LMB): StaticMeshActor (SM_PillarFrame)
[2018.06.17-00.17.14:870][631]LogEditorViewport: Clicking on Actor (LMB): PointLight (PointLight)
[2018.06.17-00.17.16:750][733]Cmd: DELETE
[2018.06.17-00.17.16:750][733]Cmd: ACTOR DELETE
[2018.06.17-00.17.16:969][733]LogEditorActor: Deleted Actor: PointLight
[2018.06.17-00.17.17:005][733]LogEditorActor: Deleted 1 Actors (0.050 secs)
[2018.06.17-00.17.49:236][640]LogEditorViewport: Clicking on Actor (LMB): PointLight (PointLight2)
[2018.06.17-00.17.50:697][723]Cmd: DELETE
[2018.06.17-00.17.50:697][723]Cmd: ACTOR DELETE
[2018.06.17-00.17.50:699][723]LogEditorActor: Deleted Actor: PointLight
[2018.06.17-00.17.50:738][723]LogEditorActor: Deleted 1 Actors (0.041 secs)
[2018.06.17-00.18.00:685][296]LogEditorViewport: Clicking on Actor (LMB): StaticMeshActor (Pillar_50x508)
[2018.06.17-00.18.14:547][ 75]LogEditorViewport: Clicking on Actor (LMB): PointLight (PointLight3)
[2018.06.17-00.18.15:569][132]Cmd: DELETE
[2018.06.17-00.18.15:569][132]Cmd: ACTOR DELETE
[2018.06.17-00.18.15:570][132]LogEditorActor: Deleted Actor: PointLight
[2018.06.17-00.18.15:615][132]LogEditorActor: Deleted 1 Actors (0.046 secs)
[2018.06.17-00.18.16:550][188]Cmd: TRANSACTION UNDO
[2018.06.17-00.18.16:550][188]LogEditorTransaction: Undo Delete Actors
[2018.06.17-00.18.22:787][506]LogEditorViewport: Clicking on Actor (LMB): BP_Sky_Sphere_C (Sky Sphere)
[2018.06.17-00.18.42:992][415]LogEditorViewport: Clicking on Actor (LMB): StaticMeshActor (SM_PillarFrame4)
[2018.06.17-00.18.46:764][632]LogEditorViewport: Clicking on Actor (LMB): StaticMeshActor (SM_PillarFrame3)
[2018.06.17-00.18.56:288][178]LogEditorViewport: Clicking on Actor (LMB): BP_Sky_Sphere_C (Sky Sphere)
[2018.06.17-00.19.52:551][907]LogEditorViewport: Clicking on Actor (LMB): StaticMeshActor (SM_PillarFrame2)
[2018.06.17-00.19.57:842][209]LogWindowsTextInputMethodSystem:Display: IME system now deactivated.
[2018.06.17-00.19.57:842][209]LogWindowsTextInputMethodSystem:Display: IME system now deactivated.
[2018.06.17-00.20.34:245][305]LogWindowsTextInputMethodSystem:Display: IME system now deactivated.
[2018.06.17-00.20.34:245][305]LogWindowsTextInputMethodSystem:Display: IME system now deactivated.
[2018.06.17-00.20.47:339][ 60]LogEditorViewport: Clicking on Actor (LMB): StaticMeshActor (SM_PillarFrame7)
[2018.06.17-00.21.46:679][773]LogEditorViewport: Clicking on Actor (LMB): StaticMeshActor (SM_PillarFrame7)
[2018.06.17-00.21.47:664][824]Cmd: DELETE
[2018.06.17-00.21.47:664][824]Cmd: ACTOR DELETE
[2018.06.17-00.21.47:672][824]LogEditorActor: Deleted Actor: StaticMeshActor
[2018.06.17-00.21.47:723][824]LogEditorActor: Deleted 1 Actors (0.059 secs)
[2018.06.17-00.22.53:542][991]LogEditorViewport: Clicking on Actor (LMB): StaticMeshActor (SM_DoorFrame)
[2018.06.17-00.22.58:897][280]LogEditorViewport: Clicking on Actor (LMB): PointLight (PointLight3)
[2018.06.17-00.23.04:534][603]LogEditorViewport: Clicking on Actor (context menu): BP_Sky_Sphere_C (Sky Sphere)
[2018.06.17-00.23.05:611][649]LogEditorViewport: Clicking on Actor (LMB): BP_Sky_Sphere_C (Sky Sphere)
[2018.06.17-00.23.06:221][680]LogEditorViewport: Clicking on Actor (LMB): PointLight (PointLight3)
[2018.06.17-00.23.06:715][706]Cmd: CAMERA ALIGN ACTIVEVIEWPORTONLY
[2018.06.17-00.23.25:435][744]LogEditorViewport: Clicking on Actor (LMB): StaticMeshActor (SM_PillarFrame6)
[2018.06.17-00.25.41:174][118]LogEditorViewport: Clicking on Actor (double click): StaticMeshActor (SM_PillarFrame)
[2018.06.17-00.26.30:304][961]LogEditorViewport: Clicking on Actor (context menu): StaticMeshActor (Pillar_50x504)
[2018.06.17-00.26.36:234][273]LogEditorViewport: Clicking on Actor (LMB): StaticMeshActor (SM_PillarFrame11)
[2018.06.17-00.27.19:758][786]LogEditorViewport: Clicking on Actor (LMB): StaticMeshActor (SM_PillarFrame11)
[2018.06.17-00.27.41:021][ 35]LogEditorViewport: Clicking on Actor (context menu): StaticMeshActor (Pillar_50x504)
[2018.06.17-00.27.42:442][ 91]LogEditorViewport: Clicking on Actor (LMB): BP_Sky_Sphere_C (Sky Sphere)
[2018.06.17-00.27.45:839][268]LogSavePackage: Save=123.82ms
[2018.06.17-00.27.45:839][268]LogSavePackage: Moving '../../../../../../Users/Islam/Documents/Unreal Projects/LevelCreationProject/Saved/LevelDesignAC58E1624E02E80C5C61F3A3D875DB1C.tmp' to '../../../../../../Users/Islam/Documents/Unreal Projects/LevelCreationProject/Content/Levels/LevelDesign.umap'
[2018.06.17-00.27.45:887][268]LogSavePackage:Display: Finished SavePackage ../../../../../../Users/Islam/Documents/Unreal Projects/LevelCreationProject/Content/Levels/LevelDesign.umap
[2018.06.17-00.27.46:303][268]LogSavePackage: Save=363.85ms
[2018.06.17-00.27.46:303][268]LogSavePackage: Moving '../../../../../../Users/Islam/Documents/Unreal Projects/LevelCreationProject/Saved/LevelDesign_BuiltDataCD1D2C8042C4F918C663838422ED6E1D.tmp' to '../../../../../../Users/Islam/Documents/Unreal Projects/LevelCreationProject/Content/Levels/LevelDesign_BuiltData.uasset'
[2018.06.17-00.27.46:314][268]LogSavePackage:Display: Finished SavePackage ../../../../../../Users/Islam/Documents/Unreal Projects/LevelCreationProject/Content/Levels/LevelDesign_BuiltData.uasset
[2018.06.17-00.28.33:521][661]LogEditorViewport: Clicking on Actor (LMB): StaticMeshActor (SM_PillarFrame11)
[2018.06.17-00.28.39:929][ 34]LogEditorViewport: Clicking on Actor (LMB): StaticMeshActor (SM_PillarFrame10)
[2018.06.17-00.28.53:418][812]LogEditorViewport: Clicking on Actor (LMB): StaticMeshActor (SM_PillarFrame11)
[2018.06.17-00.28.54:470][871]LogEditorViewport: Clicking on Actor (CTRL LMB): StaticMeshActor (SM_PillarFrame12)
[2018.06.17-00.28.55:785][944]LogEditorViewport: Clicking on Actor (CTRL LMB): StaticMeshActor (SM_PillarFrame13)
[2018.06.17-00.28.57:341][ 33]LogEditorViewport: Clicking on Actor (CTRL LMB): StaticMeshActor (SM_PillarFrame14)
[2018.06.17-00.29.07:377][605]LogEditorViewport: Clicking on Actor (LMB): StaticMeshActor (SM_PillarFrame12)
[2018.06.17-00.29.11:033][803]LogEditorViewport: Clicking on Actor (CTRL LMB): StaticMeshActor (SM_PillarFrame11)
[2018.06.17-00.29.12:670][895]LogEditorViewport: Clicking on Actor (CTRL LMB): StaticMeshActor (SM_PillarFrame14)
[2018.06.17-00.29.13:800][959]LogEditorViewport: Clicking on Actor (CTRL LMB): StaticMeshActor (SM_PillarFrame13)
[2018.06.17-00.29.44:410][745]LogEditorViewport: Clicking on Actor (LMB): BP_Sky_Sphere_C (Sky Sphere)
[2018.06.17-00.30.20:804][661]LogEditorViewport: Clicking on Actor (LMB): StaticMeshActor (SM_PillarFrame15)
[2018.06.17-00.30.45:688][ 78]LogEditorViewport: Clicking on Actor (context menu): StaticMeshActor (SM_PillarFrame22)
[2018.06.17-00.30.47:755][169]LogEditorViewport: Clicking on Actor (LMB): StaticMeshActor (SM_PillarFrame13)
[2018.06.17-00.30.48:524][211]LogEditorViewport: Clicking on Actor (LMB): StaticMeshActor (SM_PillarFrame21)
[2018.06.17-00.31.07:734][326]LogEditorViewport: Clicking on Actor (LMB): StaticMeshActor (SM_PillarFrame22)
[2018.06.17-00.31.08:382][363]LogEditorViewport: Clicking on Actor (LMB): StaticMeshActor (SM_PillarFrame22)
[2018.06.17-00.31.15:056][719]LogEditorViewport: Clicking on Actor (LMB): StaticMeshActor (SM_PillarFrame22)
[2018.06.17-00.31.16:187][783]LogEditorViewport: Clicking on Actor (LMB): StaticMeshActor (SM_PillarFrame22)
[2018.06.17-00.31.38:439][818]Cmd: DELETE
[2018.06.17-00.31.38:439][818]Cmd: ACTOR DELETE
[2018.06.17-00.31.38:440][818]LogEditorActor: Deleted Actor: StaticMeshActor
[2018.06.17-00.31.38:441][818]LogEditorActor: Deleted Actor: StaticMeshActor
[2018.06.17-00.31.38:441][818]LogEditorActor: Deleted Actor: StaticMeshActor
[2018.06.17-00.31.38:442][818]LogEditorActor: Deleted Actor: StaticMeshActor
[2018.06.17-00.31.38:481][818]LogEditorActor: Deleted 4 Actors (0.042 secs)
[2018.06.17-00.31.41:012][969]LogEditorViewport: Clicking on Actor (LMB): StaticMeshActor (SM_PillarFrame14)
[2018.06.17-00.31.45:294][206]LogEditorViewport: Clicking on Actor (LMB): StaticMeshActor (SM_PillarFrame2)
[2018.06.17-00.32.12:698][789]LogEditorViewport: Clicking on Actor (LMB): BP_Sky_Sphere_C (Sky Sphere)
[2018.06.17-00.32.57:847][795]LogEditorViewport: Clicking on Actor (LMB): StaticMeshActor (Pillar_50x506)
[2018.06.17-00.33.07:308][333]LogEditorViewport: Clicking on Actor (LMB): StaticMeshActor (SM_PillarFrame19)
[2018.06.17-00.33.10:794][535]LogEditorViewport: Clicking on Actor (LMB): StaticMeshActor (SM_PillarFrame20)
[2018.06.17-00.33.25:505][400]LogEditorViewport: Clicking on Actor (LMB): StaticMeshActor (SM_PillarFrame19)
[2018.06.17-00.33.30:236][659]LogEditorViewport: Clicking on Actor (LMB): BP_Sky_Sphere_C (Sky Sphere)
[2018.06.17-00.36.01:931][117]LogSavePackage: Save=202.75ms
[2018.06.17-00.36.01:931][117]LogSavePackage: Moving '../../../../../../Users/Islam/Documents/Unreal Projects/LevelCreationProject/Saved/LevelDesign99A9155E451778CE5C172B8755CFF4F6.tmp' to '../../../../../../Users/Islam/Documents/Unreal Projects/LevelCreationProject/Content/Levels/LevelDesign.umap'
[2018.06.17-00.36.01:953][117]LogSavePackage:Display: Finished SavePackage ../../../../../../Users/Islam/Documents/Unreal Projects/LevelCreationProject/Content/Levels/LevelDesign.umap
[2018.06.17-00.36.02:394][117]LogSavePackage: Save=363.18ms
[2018.06.17-00.36.02:394][117]LogSavePackage: Moving '../../../../../../Users/Islam/Documents/Unreal Projects/LevelCreationProject/Saved/LevelDesign_BuiltDataD18EC11642EEF8D2C5C766AD474CC3C8.tmp' to '../../../../../../Users/Islam/Documents/Unreal Projects/LevelCreationProject/Content/Levels/LevelDesign_BuiltData.uasset'
[2018.06.17-00.36.02:396][117]LogSavePackage:Display: Finished SavePackage ../../../../../../Users/Islam/Documents/Unreal Projects/LevelCreationProject/Content/Levels/LevelDesign_BuiltData.uasset
[2018.06.17-01.04.39:207][546]LogActorFactory: Actor Factory created SM_GlassWindow
[2018.06.17-01.04.42:733][742]LogActorFactory: Actor Factory created SM_GlassWindow
[2018.06.17-01.05.03:377][900]LogActorFactory: Actor Factory created SM_CornerFrame
[2018.06.17-01.05.03:848][925]LogActorFactory: Actor Factory created SM_CornerFrame
[2018.06.17-01.06.26:339][462]Cmd: CAMERA ALIGN ACTIVEVIEWPORTONLY
[2018.06.17-01.06.44:594][509]LogEditorViewport: Clicking on Actor (LMB): BP_Sky_Sphere_C (Sky Sphere)
[2018.06.17-01.06.50:991][852]LogEditorViewport: Clicking on Actor (LMB): StaticMeshActor (SM_GlassWindow)
[2018.06.17-01.07.00:894][427]LogEditorViewport: Clicking on Actor (LMB): StaticMeshActor (SM_CornerFrame)
[2018.06.17-01.07.05:389][682]LogEditorViewport: Clicking on Actor (LMB): StaticMeshActor (SM_GlassWindow)
[2018.06.17-01.07.11:122][994]LogEditorViewport: Clicking on Actor (CTRL LMB): StaticMeshActor (SM_CornerFrame)
[2018.06.17-01.07.15:877][267]Cmd: TRANSACTION UNDO
[2018.06.17-01.07.15:877][267]LogEditorTransaction: Undo Move Actors
[2018.06.17-01.07.17:621][332]LogEditorViewport: Clicking on Actor (LMB): StaticMeshActor (SM_CornerFrame)
[2018.06.17-01.07.18:499][364]LogEditorViewport: Clicking on Actor (CTRL LMB): StaticMeshActor (SM_CornerFrame2)
[2018.06.17-01.07.25:294][746]Cmd: CAMERA ALIGN ACTIVEVIEWPORTONLY
[2018.06.17-01.07.45:412][907]LogEditorViewport: Clicking on Actor (CTRL LMB): StaticMeshActor (SM_CornerFrame)
[2018.06.17-01.07.46:329][958]LogEditorViewport: Clicking on Actor (CTRL LMB): StaticMeshActor (SM_CornerFrame2)
[2018.06.17-01.08.17:237][718]Cmd: TRANSACTION UNDO
[2018.06.17-01.08.17:237][718]LogEditorTransaction: Undo Snap Actors To Floor
[2018.06.17-01.08.20:321][837]Cmd: CAMERA ALIGN ACTIVEVIEWPORTONLY
[2018.06.17-01.08.58:671][992]Cmd: CAMERA ALIGN ACTIVEVIEWPORTONLY
[2018.06.17-01.09.15:365][931]LogEditorViewport: Clicking on Actor (LMB): StaticMeshActor (SM_CornerFrame8)
[2018.06.17-01.09.23:756][411]LogEditorViewport: Clicking on Actor (CTRL LMB): StaticMeshActor (SM_CornerFrame7)
[2018.06.17-01.09.25:978][538]LogEditorViewport: Clicking on Actor (CTRL LMB): StaticMeshActor (SM_CornerFrame5)
[2018.06.17-01.09.27:208][606]LogEditorViewport: Clicking on Actor (CTRL LMB): StaticMeshActor (SM_CornerFrame6)
[2018.06.17-01.09.34:656][ 33]LogEditorViewport: Clicking on Actor (LMB): StaticMeshActor (SM_GlassWindow)
[2018.06.17-01.10.13:617][914]LogSavePackage: Save=237.14ms
[2018.06.17-01.10.13:617][914]LogSavePackage: Moving '../../../../../../Users/Islam/Documents/Unreal Projects/LevelCreationProject/Saved/LevelDesign_Auto2B8105D294C98B8C20F0B98B9B7FDD4A5.tmp' to '../../../../../../Users/Islam/Documents/Unreal Projects/LevelCreationProject/Saved/Autosaves/Game/Levels/LevelDesign_Auto2.umap'
[2018.06.17-01.10.13:619][914]LogSavePackage:Display: Finished SavePackage ../../../../../../Users/Islam/Documents/Unreal Projects/LevelCreationProject/Saved/Autosaves/Game/Levels/LevelDesign_Auto2.umap
[2018.06.17-01.10.13:626][914]LogFileHelpers: Editor autosave (incl. sublevels) for '/Game/Levels/LevelDesign' took 0.373
[2018.06.17-01.10.13:626][914]LogFileHelpers: Editor autosave (incl. sublevels) for all levels took 0.373
[2018.06.17-01.10.47:948][140]LogEditorViewport: Clicking on Actor (LMB): StaticMeshActor (SM_CornerFrame8)
[2018.06.17-01.10.48:649][177]LogEditorViewport: Clicking on Actor (CTRL LMB): StaticMeshActor (SM_GlassWindow)
[2018.06.17-01.10.49:314][213]LogEditorViewport: Clicking on Actor (CTRL LMB): StaticMeshActor (SM_CornerFrame7)
[2018.06.17-01.10.51:519][340]LogEditorViewport: Clicking on Actor (CTRL LMB): StaticMeshActor (SM_CornerFrame6)
[2018.06.17-01.10.53:279][439]LogEditorViewport: Clicking on Actor (CTRL LMB): StaticMeshActor (SM_CornerFrame5)
[2018.06.17-01.11.00:668][861]LogEditorViewport: Clicking on Actor (CTRL LMB): StaticMeshActor (SM_CornerFrame3)
[2018.06.17-01.11.02:833][981]LogEditorViewport: Clicking on Actor (CTRL LMB): StaticMeshActor (SM_CornerFrame4)
[2018.06.17-01.11.04:688][ 85]LogEditorViewport: Clicking on Actor (CTRL LMB): StaticMeshActor (SM_CornerFrame2)
[2018.06.17-01.11.06:547][189]LogEditorViewport: Clicking on Actor (CTRL LMB): StaticMeshActor (SM_CornerFrame)
[2018.06.17-01.11.28:789][448]LogEditorViewport: Clicking on Actor (context menu): StaticMeshActor (SM_GlassWindow)
[2018.06.17-01.11.29:645][482]LogEditorViewport: Clicking on Actor (LMB): StaticMeshActor (SM_GlassWindow2)
[2018.06.17-01.11.38:556][984]LogEditorViewport: Clicking on Actor (LMB): StaticMeshActor (SM_GlassWindow2)
[2018.06.17-01.11.44:700][338]LogEditorViewport: Clicking on Actor (LMB): StaticMeshActor (SM_GlassWindow3)
[2018.06.17-01.12.29:550][914]Cmd: TRANSACTION UNDO
[2018.06.17-01.12.29:550][914]LogEditorTransaction: Undo Scale Actors
[2018.06.17-01.12.29:553][914]LogActorComponent: ~FComponentReregisterContext: (/Game/Levels/LevelDesign.LevelDesign:PersistentLevel.SM_CornerFrame58.StaticMeshComponent0) Component already registered.
[2018.06.17-01.12.29:554][914]LogActorComponent: ~FComponentReregisterContext: (/Game/Levels/LevelDesign.LevelDesign:PersistentLevel.SM_CornerFrame61.StaticMeshComponent0) Component already registered.
[2018.06.17-01.12.33:653][118]LogEditorViewport: Clicking on Actor (LMB): StaticMeshActor (SM_GlassWindow7)
[2018.06.17-01.12.43:981][305]LogEditorViewport: Clicking on Actor (LMB): StaticMeshActor (SM_GlassWindow8)
[2018.06.17-01.12.47:062][479]LogEditorViewport: Clicking on Actor (LMB): StaticMeshActor (SM_GlassWindow8)
[2018.06.17-01.12.47:912][523]LogEditorViewport: Clicking on Actor (LMB): StaticMeshActor (SM_GlassWindow8)
[2018.06.17-01.12.59:229][180]LogEditorViewport: Clicking on Actor (LMB): StaticMeshActor (SM_CornerFrame64)
[2018.06.17-01.13.02:338][357]LogEditorViewport: Clicking on Actor (CTRL LMB): StaticMeshActor (SM_CornerFrame62)
[2018.06.17-01.13.15:704][ 94]LogEditorViewport: Clicking on Actor (CTRL LMB): StaticMeshActor (SM_CornerFrame59)
[2018.06.17-01.13.17:789][214]LogEditorViewport: Clicking on Actor (CTRL LMB): StaticMeshActor (SM_CornerFrame57)
[2018.06.17-01.13.36:098][182]LogEditorViewport: Clicking on Actor (LMB): StaticMeshActor (SM_GlassWindow4)
[2018.06.17-01.13.37:172][240]LogEditorViewport: Clicking on Actor (LMB): StaticMeshActor (SM_GlassWindow2)
[2018.06.17-01.13.50:874][ 15]LogEditorViewport: Clicking on Actor (context menu): StaticMeshActor (SM_GlassWindow2)
[2018.06.17-01.13.56:420][310]LogEditorViewport: Clicking on Actor (LMB): BP_Sky_Sphere_C (Sky Sphere)
[2018.06.17-01.14.35:007][ 96]LogEditorViewport: Clicking on Actor (LMB): StaticMeshActor (SM_GlassWindow7)
[2018.06.17-01.14.38:335][286]LogEditorViewport: Clicking on Actor (LMB): StaticMeshActor (SM_CornerFrame55)
[2018.06.17-01.14.39:816][368]LogEditorViewport: Clicking on Actor (CTRL LMB): StaticMeshActor (SM_CornerFrame53)
[2018.06.17-01.14.41:900][485]LogEditorViewport: Clicking on Actor (CTRL LMB): StaticMeshActor (SM_CornerFrame54)
[2018.06.17-01.14.53:258][ 69]LogEditorActor: Deleted Actor: StaticMeshActor
[2018.06.17-01.14.53:260][ 69]LogEditorActor: Deleted Actor: StaticMeshActor
[2018.06.17-01.14.53:262][ 69]LogEditorActor: Deleted Actor: StaticMeshActor
[2018.06.17-01.14.53:263][ 69]LogEditorActor: Deleted Actor: StaticMeshActor
[2018.06.17-01.14.53:264][ 69]LogEditorActor: Deleted Actor: StaticMeshActor
[2018.06.17-01.14.53:265][ 69]LogEditorActor: Deleted Actor: StaticMeshActor
[2018.06.17-01.14.53:266][ 69]LogEditorActor: Deleted Actor: StaticMeshActor
[2018.06.17-01.14.53:267][ 69]LogEditorActor: Deleted Actor: StaticMeshActor
[2018.06.17-01.14.53:318][ 69]LogEditorActor: Deleted 8 Actors (0.061 secs)
[2018.06.17-01.16.14:391][451]LogEditorViewport: Clicking on Actor (LMB): StaticMeshActor (SM_GlassWindow7)
[2018.06.17-01.17.16:327][949]LogEditorViewport: Clicking on Actor (LMB): StaticMeshActor (SM_GlassWindow9)
[2018.06.17-01.17.29:637][697]LogSavePackage: Save=237.75ms
[2018.06.17-01.17.29:637][697]LogSavePackage: Moving '../../../../../../Users/Islam/Documents/Unreal Projects/LevelCreationProject/Saved/LevelDesign94665AB84425A3FA38D66B9FB90A7BFC.tmp' to '../../../../../../Users/Islam/Documents/Unreal Projects/LevelCreationProject/Content/Levels/LevelDesign.umap'
[2018.06.17-01.17.29:641][697]LogSavePackage:Display: Finished SavePackage ../../../../../../Users/Islam/Documents/Unreal Projects/LevelCreationProject/Content/Levels/LevelDesign.umap
[2018.06.17-01.17.30:128][697]LogSavePackage: Save=412.12ms
[2018.06.17-01.17.30:128][697]LogSavePackage: Moving '../../../../../../Users/Islam/Documents/Unreal Projects/LevelCreationProject/Saved/LevelDesign_BuiltData6EBCE31244B50A1B859B88B3E68BF556.tmp' to '../../../../../../Users/Islam/Documents/Unreal Projects/LevelCreationProject/Content/Levels/LevelDesign_BuiltData.uasset'
[2018.06.17-01.17.30:130][697]LogSavePackage:Display: Finished SavePackage ../../../../../../Users/Islam/Documents/Unreal Projects/LevelCreationProject/Content/Levels/LevelDesign_BuiltData.uasset
[2018.06.17-01.18.13:952][920]LogSavePackage: Save=238.47ms
[2018.06.17-01.18.13:952][920]LogSavePackage: Moving '../../../../../../Users/Islam/Documents/Unreal Projects/LevelCreationProject/Saved/LevelDesignE6A169204E24127EBEEE4C9A2B059D96.tmp' to '../../../../../../Users/Islam/Documents/Unreal Projects/LevelCreationProject/Content/Levels/LevelDesign.umap'
[2018.06.17-01.18.13:954][920]LogSavePackage:Display: Finished SavePackage ../../../../../../Users/Islam/Documents/Unreal Projects/LevelCreationProject/Content/Levels/LevelDesign.umap
[2018.06.17-01.18.14:284][920]LogSavePackage: Save=253.71ms
[2018.06.17-01.18.14:284][920]LogSavePackage: Moving '../../../../../../Users/Islam/Documents/Unreal Projects/LevelCreationProject/Saved/LevelDesign_BuiltData5C7B0C1C43B07B29684CD1A64CBEABB3.tmp' to '../../../../../../Users/Islam/Documents/Unreal Projects/LevelCreationProject/Content/Levels/LevelDesign_BuiltData.uasset'
[2018.06.17-01.18.14:286][920]LogSavePackage:Display: Finished SavePackage ../../../../../../Users/Islam/Documents/Unreal Projects/LevelCreationProject/Content/Levels/LevelDesign_BuiltData.uasset
[2018.06.17-01.21.41:801][501]LogWindowsTextInputMethodSystem:Display: IME system now deactivated.
[2018.06.17-01.21.42:523][502]Cmd: QUIT_EDITOR
[2018.06.17-01.21.43:422][502]LogExit: Preparing to exit.
[2018.06.17-01.21.44:256][502]LogDirectoryWatcher: A directory notification for 'C:/Users/Islam/Documents/Unreal Projects/LevelCreationProject/Content/' was aborted.
[2018.06.17-01.21.44:444][502]LogExit: Editor shut down
[2018.06.17-01.21.44:478][502]LogExit: Transaction tracking system shut down
[2018.06.17-01.21.44:756][502]LogObj: Freed 0b from 0 cluster array pools.
[2018.06.17-01.21.44:759][502]LogExit: Object subsystem successfully closed.
[2018.06.17-01.21.44:800][502]LogD3D11RHI: Shutdown
[2018.06.17-01.21.44:800][502]LogD3D11RHI: CleanupD3DDevice
[2018.06.17-01.21.45:009][502]LogD3D11RHI: ~FD3D11DynamicRHI
[2018.06.17-01.21.45:041][502]LogModuleManager: Shutting down and abandoning module HierarchicalLODUtilities (534)
[2018.06.17-01.21.45:071][502]LogModuleManager: Shutting down and abandoning module MovieSceneCapture (532)
[2018.06.17-01.21.45:072][502]LogModuleManager: Shutting down and abandoning module BlueprintGraph (530)
[2018.06.17-01.21.45:072][502]LogModuleManager: Shutting down and abandoning module BlueprintProfiler (528)
[2018.06.17-01.21.45:072][502]LogModuleManager: Shutting down and abandoning module HierarchicalLODOutliner (526)
[2018.06.17-01.21.45:072][502]LogModuleManager: Shutting down and abandoning module ExternalImagePicker (524)
[2018.06.17-01.21.45:072][502]LogModuleManager: Shutting down and abandoning module CrashTracker (522)
[2018.06.17-01.21.45:072][502]LogModuleManager: Shutting down and abandoning module SceneOutliner (520)
[2018.06.17-01.21.45:072][502]LogModuleManager: Shutting down and abandoning module AddContentDialog (518)
[2018.06.17-01.21.45:072][502]LogDirectoryWatcher: A directory notification for 'C:/Program Files/Epic Games/UE_4.16/FeaturePacks/' was aborted.
[2018.06.17-01.21.45:081][502]LogModuleManager: Shutting down and abandoning module WidgetCarousel (517)
[2018.06.17-01.21.45:081][502]LogModuleManager: Shutting down and abandoning module EditorWidgets (514)
[2018.06.17-01.21.45:081][502]LogModuleManager: Shutting down and abandoning module CollectionManager (512)
[2018.06.17-01.21.45:081][502]LogDirectoryWatcher: A directory notification for 'C:/Users/Islam/Documents/Unreal Projects/LevelCreationProject/Content/Collections/' was aborted.
[2018.06.17-01.21.45:081][502]LogDirectoryWatcher: A directory notification for 'C:/Users/Islam/Documents/Unreal Projects/LevelCreationProject/Content/Developers/Islam/Collections/' was aborted.
[2018.06.17-01.21.45:081][502]LogDirectoryWatcher: A directory notification for 'C:/Users/Islam/Documents/Unreal Projects/LevelCreationProject/Saved/Collections/' was aborted.
[2018.06.17-01.21.45:081][502]LogModuleManager: Shutting down and abandoning module StatsViewer (510)
[2018.06.17-01.21.45:081][502]LogModuleManager: Shutting down and abandoning module FoliageEdit (508)
[2018.06.17-01.21.45:081][502]LogModuleManager: Shutting down and abandoning module LandscapeEditor (506)
[2018.06.17-01.21.45:081][502]LogModuleManager: Shutting down and abandoning module MeshPaintMode (504)
[2018.06.17-01.21.45:081][502]LogModuleManager: Shutting down and abandoning module SceneDepthPickerMode (502)
[2018.06.17-01.21.45:081][502]LogModuleManager: Shutting down and abandoning module ActorPickerMode (500)
[2018.06.17-01.21.45:081][502]LogModuleManager: Shutting down and abandoning module GeometryMode (498)
[2018.06.17-01.21.45:081][502]LogModuleManager: Shutting down and abandoning module TextureAlignMode (496)
[2018.06.17-01.21.45:081][502]LogModuleManager: Shutting down and abandoning module BspMode (494)
[2018.06.17-01.21.45:081][502]LogModuleManager: Shutting down and abandoning module HardwareSurvey (492)
[2018.06.17-01.21.45:081][502]LogModuleManager: Shutting down and abandoning module SequenceRecorderSections (490)
[2018.06.17-01.21.45:081][502]LogModuleManager: Shutting down and abandoning module AutomationWorker (488)
[2018.06.17-01.21.45:081][502]LogModuleManager: Shutting down and abandoning module MatineeToLevelSequence (486)
[2018.06.17-01.21.45:081][502]LogModuleManager: Shutting down and abandoning module LevelSequenceEditor (484)
[2018.06.17-01.21.45:081][502]LogModuleManager: Shutting down and abandoning module PlacementMode (483)
[2018.06.17-01.21.45:081][502]LogModuleManager: Shutting down and abandoning module WmfMediaFactory (480)
[2018.06.17-01.21.45:081][502]LogModuleManager: Shutting down and abandoning module WmfMediaEditor (478)
[2018.06.17-01.21.45:081][502]LogModuleManager: Shutting down and abandoning module AvfMediaFactory (476)
[2018.06.17-01.21.45:081][502]LogModuleManager: Shutting down and abandoning module AvfMediaEditor (474)
[2018.06.17-01.21.45:081][502]LogModuleManager: Shutting down and abandoning module AndroidMediaFactory (472)
[2018.06.17-01.21.45:081][502]LogModuleManager: Shutting down and abandoning module Media (471)
[2018.06.17-01.21.45:081][502]LogModuleManager: Shutting down and abandoning module AndroidMediaEditor (468)
[2018.06.17-01.21.45:081][502]LogModuleManager: Shutting down and abandoning module CharacterAI (466)
[2018.06.17-01.21.45:082][502]LogModuleManager: Shutting down and abandoning module AudioCapture (464)
[2018.06.17-01.21.45:082][502]LogModuleManager: Shutting down and abandoning module SequenceRecorder (463)
[2018.06.17-01.21.45:082][502]LogModuleManager: Shutting down and abandoning module SmartSnapping (460)
[2018.06.17-01.21.45:082][502]LogModuleManager: Shutting down and abandoning module SessionServices (458)
[2018.06.17-01.21.45:082][502]LogModuleManager: Shutting down and abandoning module ViewportSnapping (456)
[2018.06.17-01.21.45:082][502]LogModuleManager: Shutting down and abandoning module ViewportInteraction (454)
[2018.06.17-01.21.45:082][502]LogModuleManager: Shutting down and abandoning module ClothPainter (452)
[2018.06.17-01.21.45:082][502]LogModuleManager: Shutting down and abandoning module LogVisualizer (450)
[2018.06.17-01.21.45:082][502]LogModuleManager: Shutting down and abandoning module IntroTutorials (448)
[2018.06.17-01.21.45:115][502]LogModuleManager: Shutting down and abandoning module GameProjectGeneration (447)
[2018.06.17-01.21.45:115][502]LogModuleManager: Shutting down and abandoning module EditorLiveStreaming (444)
[2018.06.17-01.21.45:115][502]LogModuleManager: Shutting down and abandoning module IOSPlatformEditor (442)
[2018.06.17-01.21.45:115][502]LogModuleManager: Shutting down and abandoning module HTML5PlatformEditor (440)
[2018.06.17-01.21.45:115][502]LogModuleManager: Shutting down and abandoning module AndroidPlatformEditor (438)
[2018.06.17-01.21.45:115][502]LogModuleManager: Shutting down and abandoning module AndroidDeviceDetection (437)
[2018.06.17-01.21.45:124][502]LogModuleManager: Shutting down and abandoning module IOSRuntimeSettings (434)
[2018.06.17-01.21.45:124][502]LogModuleManager: Shutting down and abandoning module AndroidRuntimeSettings (432)
[2018.06.17-01.21.45:124][502]LogModuleManager: Shutting down and abandoning module InputBindingEditor (430)
[2018.06.17-01.21.45:124][502]LogModuleManager: Shutting down and abandoning module MergeActors (428)
[2018.06.17-01.21.45:124][502]LogModuleManager: Shutting down and abandoning module SizeMap (426)
[2018.06.17-01.21.45:124][502]LogModuleManager: Shutting down and abandoning module TreeMap (424)
[2018.06.17-01.21.45:124][502]LogModuleManager: Shutting down and abandoning module ReferenceViewer (422)
[2018.06.17-01.21.45:124][502]LogModuleManager: Shutting down and abandoning module LocalizationDashboard (420)
[2018.06.17-01.21.45:124][502]LogModuleManager: Shutting down and abandoning module LocalizationService (419)
[2018.06.17-01.21.45:124][502]LogModuleManager: Shutting down and abandoning module HardwareTargeting (416)
[2018.06.17-01.21.45:124][502]LogModuleManager: Shutting down and abandoning module DeviceProfileEditor (414)
[2018.06.17-01.21.45:124][502]LogModuleManager: Shutting down and abandoning module UndoHistory (412)
[2018.06.17-01.21.45:124][502]LogModuleManager: Shutting down and abandoning module UserFeedback (410)
[2018.06.17-01.21.45:124][502]LogModuleManager: Shutting down and abandoning module XmlParser (408)
[2018.06.17-01.21.45:124][502]LogModuleManager: Shutting down and abandoning module Blutility (406)
[2018.06.17-01.21.45:124][502]LogModuleManager: Shutting down and abandoning module ProjectSettingsViewer (404)
[2018.06.17-01.21.45:124][502]LogModuleManager: Shutting down and abandoning module ProjectTargetPlatformEditor (403)
[2018.06.17-01.21.45:125][502]LogModuleManager: Shutting down and abandoning module EditorSettingsViewer (400)
[2018.06.17-01.21.45:125][502]LogModuleManager: Shutting down and abandoning module SettingsEditor (398)
[2018.06.17-01.21.45:125][502]LogModuleManager: Shutting down and abandoning module ProjectLauncher (396)
[2018.06.17-01.21.45:125][502]LogModuleManager: Shutting down and abandoning module SessionFrontend (394)
[2018.06.17-01.21.45:125][502]LogModuleManager: Shutting down and abandoning module ProfilerClient (392)
[2018.06.17-01.21.45:125][502]LogModuleManager: Shutting down and abandoning module DeviceManager (390)
[2018.06.17-01.21.45:125][502]LogModuleManager: Shutting down and abandoning module TargetDeviceServices (389)
[2018.06.17-01.21.45:191][502]LogModuleManager: Shutting down and abandoning module AutomationController (386)
[2018.06.17-01.21.45:191][502]LogModuleManager: Shutting down and abandoning module AutomationWindow (384)
[2018.06.17-01.21.45:191][502]LogModuleManager: Shutting down and abandoning module Layers (382)
[2018.06.17-01.21.45:191][502]LogModuleManager: Shutting down and abandoning module ComponentVisualizers (380)
[2018.06.17-01.21.45:191][502]LogModuleManager: Shutting down and abandoning module DetailCustomizations (378)
[2018.06.17-01.21.45:191][502]LogModuleManager: Shutting down and abandoning module PackagesDialog (376)
[2018.06.17-01.21.45:191][502]LogModuleManager: Shutting down and abandoning module Persona (374)
[2018.06.17-01.21.45:191][502]LogModuleManager: Shutting down and abandoning module AdvancedPreviewScene (373)
[2018.06.17-01.21.45:192][502]LogModuleManager: Shutting down and abandoning module AnimGraph (371)
[2018.06.17-01.21.45:192][502]LogModuleManager: Shutting down and abandoning module Kismet (368)
[2018.06.17-01.21.45:202][502]LogModuleManager: Shutting down and abandoning module ClassViewer (366)
[2018.06.17-01.21.45:202][502]LogModuleManager: Shutting down and abandoning module Toolbox (364)
[2018.06.17-01.21.45:202][502]LogModuleManager: Shutting down and abandoning module ModuleUI (362)
[2018.06.17-01.21.45:202][502]LogModuleManager: Shutting down and abandoning module MovieSceneTools (360)
[2018.06.17-01.21.45:202][502]LogModuleManager: Shutting down and abandoning module OutputLog (358)
[2018.06.17-01.21.45:202][502]LogModuleManager: Shutting down and abandoning module GammaUI (356)
[2018.06.17-01.21.45:202][502]LogModuleManager: Shutting down and abandoning module Documentation (354)
[2018.06.17-01.21.45:202][502]LogModuleManager: Shutting down and abandoning module MovieSceneTracks (352)
[2018.06.17-01.21.45:202][502]LogModuleManager: Shutting down and abandoning module MovieScene (350)
[2018.06.17-01.21.45:202][502]LogModuleManager: Shutting down and abandoning module Niagara (348)
[2018.06.17-01.21.45:202][502]LogModuleManager: Shutting down and abandoning module NiagaraEditor (347)
[2018.06.17-01.21.45:202][502]LogModuleManager: Shutting down and abandoning module StreamingPauseRendering (344)
[2018.06.17-01.21.45:202][502]LogModuleManager: Shutting down and abandoning module AnalyticsET (342)
[2018.06.17-01.21.45:202][502]LogModuleManager: Shutting down and abandoning module PortalServices (340)
[2018.06.17-01.21.45:202][502]LogModuleManager: Shutting down and abandoning module PortalRpc (338)
[2018.06.17-01.21.45:202][502]LogModuleManager: Shutting down and abandoning module MessagingRpc (336)
[2018.06.17-01.21.45:202][502]LogModuleManager: Shutting down and abandoning module AIModule (334)
[2018.06.17-01.21.45:202][502]LogModuleManager: Shutting down and abandoning module GameplayDebugger (333)
[2018.06.17-01.21.45:202][502]LogModuleManager: Shutting down and abandoning module AITestSuite (331)
[2018.06.17-01.21.45:202][502]LogModuleManager: Shutting down and abandoning module ProfilerService (328)
[2018.06.17-01.21.45:207][502]LogModuleManager: Shutting down and abandoning module TaskGraph (326)
[2018.06.17-01.21.45:207][502]LogModuleManager: Shutting down and abandoning module SteamVRController (324)
[2018.06.17-01.21.45:207][502]LogModuleManager: Shutting down and abandoning module SteamVR (322)
[2018.06.17-01.21.45:207][502]LogModuleManager: Shutting down and abandoning module ProceduralMeshComponentEditor (320)
[2018.06.17-01.21.45:207][502]LogModuleManager: Shutting down and abandoning module ProceduralMeshComponent (318)
[2018.06.17-01.21.45:207][502]LogModuleManager: Shutting down and abandoning module OculusLibrary (316)
[2018.06.17-01.21.45:207][502]LogModuleManager: Shutting down and abandoning module OculusInput (314)
[2018.06.17-01.21.45:207][502]LogModuleManager: Shutting down and abandoning module MobilePatchingUtils (312)
[2018.06.17-01.21.45:207][502]LogModuleManager: Shutting down and abandoning module CustomMeshComponent (310)
[2018.06.17-01.21.45:207][502]LogModuleManager: Shutting down and abandoning module CableComponent (308)
[2018.06.17-01.21.45:207][502]LogModuleManager: Shutting down and abandoning module ArchVisCharacter (306)
[2018.06.17-01.21.45:207][502]LogModuleManager: Shutting down and abandoning module AndroidPermission (304)
[2018.06.17-01.21.45:207][502]LogModuleManager: Shutting down and abandoning module MediaPlayerEditor (300)
[2018.06.17-01.21.45:207][502]LogModuleManager: Shutting down and abandoning module HTML5Networking (298)
[2018.06.17-01.21.45:207][502]LogModuleManager: Shutting down and abandoning module AlembicImporter (296)
[2018.06.17-01.21.45:207][502]LogModuleManager: Shutting down and abandoning module AlembicLibrary (295)
[2018.06.17-01.21.45:207][502]LogModuleManager: Shutting down and abandoning module GeometryCache (294)
[2018.06.17-01.21.45:207][502]LogModuleManager: Shutting down and abandoning module GeometryCacheEd (293)
[2018.06.17-01.21.45:207][502]LogModuleManager: Shutting down and abandoning module SuperSearchEditor (288)
[2018.06.17-01.21.45:207][502]LogModuleManager: Shutting down and abandoning module SuperSearch (287)
[2018.06.17-01.21.45:207][502]LogModuleManager: Shutting down and abandoning module SpeedTreeImporter (284)
[2018.06.17-01.21.45:207][502]LogModuleManager: Shutting down and abandoning module PluginBrowser (282)
[2018.06.17-01.21.45:207][502]LogModuleManager: Shutting down and abandoning module MobileLauncherProfileWizard (280)
[2018.06.17-01.21.45:207][502]LogModuleManager: Shutting down and abandoning module VisualStudioSourceCodeAccess (278)
[2018.06.17-01.21.45:207][502]LogModuleManager: Shutting down and abandoning module DesktopPlatform (277)
[2018.06.17-01.21.45:208][502]LogModuleManager: Shutting down and abandoning module UObjectPlugin (274)
[2018.06.17-01.21.45:208][502]LogModuleManager: Shutting down and abandoning module SubversionSourceControl (272)
[2018.06.17-01.21.45:208][502]LogModuleManager: Shutting down and abandoning module PerforceSourceControl (270)
[2018.06.17-01.21.45:208][502]LogModuleManager: Shutting down and abandoning module GitSourceControl (268)
[2018.06.17-01.21.45:208][502]LogModuleManager: Shutting down and abandoning module SourceControl (267)
[2018.06.17-01.21.45:208][502]LogModuleManager: Shutting down and abandoning module LightPropagationVolumeEditor (264)
[2018.06.17-01.21.45:208][502]LogModuleManager: Shutting down and abandoning module PaperTiledImporter (262)
[2018.06.17-01.21.45:208][502]LogModuleManager: Shutting down and abandoning module PaperSpriteSheetImporter (260)
[2018.06.17-01.21.45:208][502]LogModuleManager: Shutting down and abandoning module Paper2DEditor (258)
[2018.06.17-01.21.45:208][502]LogModuleManager: Shutting down and abandoning module MeshPaint (257)
[2018.06.17-01.21.45:208][502]LogModuleManager: Shutting down and abandoning module LevelEditor (255)
[2018.06.17-01.21.45:209][502]LogModuleManager: Shutting down and abandoning module PixelInspectorModule (254)
[2018.06.17-01.21.45:209][502]LogModuleManager: Shutting down and abandoning module MainFrame (252)
[2018.06.17-01.21.45:209][502]LogModuleManager: Shutting down and abandoning module HotReload (251)
[2018.06.17-01.21.45:210][502]LogModuleManager: Shutting down and abandoning module PhysXVehiclesEditor (246)
[2018.06.17-01.21.45:210][502]LogModuleManager: Shutting down and abandoning module PhysXVehicles (244)
[2018.06.17-01.21.45:210][502]LogModuleManager: Shutting down and abandoning module LocationServicesBPLibrary (242)
[2018.06.17-01.21.45:210][502]LogModuleManager: Shutting down and abandoning module ImmediatePhysicsEditor (240)
[2018.06.17-01.21.45:210][502]LogModuleManager: Shutting down and abandoning module ImmediatePhysics (238)
[2018.06.17-01.21.45:210][502]LogModuleManager: Shutting down and abandoning module UdpMessaging (236)
[2018.06.17-01.21.45:310][502]LogModuleManager: Shutting down and abandoning module TcpMessaging (234)
[2018.06.17-01.21.45:411][502]LogModuleManager: Shutting down and abandoning module GameplayTagsEditor (232)
[2018.06.17-01.21.45:411][502]LogModuleManager: Shutting down and abandoning module FacialAnimationEditor (230)
[2018.06.17-01.21.45:411][502]LogModuleManager: Shutting down and abandoning module FacialAnimation (228)
[2018.06.17-01.21.45:411][502]LogModuleManager: Shutting down and abandoning module AssetManagerEditor (226)
[2018.06.17-01.21.45:411][502]LogModuleManager: Shutting down and abandoning module GraphEditor (225)
[2018.06.17-01.21.45:411][502]LogModuleManager: Shutting down and abandoning module ContentBrowser (223)
[2018.06.17-01.21.45:413][502]LogModuleManager: Shutting down and abandoning module LightPropagationVolumeRuntime (220)
[2018.06.17-01.21.45:413][502]LogModuleManager: Shutting down and abandoning module Paper2D (218)
[2018.06.17-01.21.45:413][502]LogModuleManager: Shutting down and abandoning module WindowsMoviePlayer (216)
[2018.06.17-01.21.45:413][502]LogModuleManager: Shutting down and abandoning module WmfMedia (214)
[2018.06.17-01.21.45:415][502]LogModuleManager: Shutting down and abandoning module ClothingSystemEditor (212)
[2018.06.17-01.21.45:415][502]LogModuleManager: Shutting down and abandoning module ClothingSystemRuntime (210)
[2018.06.17-01.21.45:415][502]LogModuleManager: Shutting down and abandoning module MediaAssets (208)
[2018.06.17-01.21.45:415][502]LogModuleManager: Shutting down and abandoning module GameLiveStreaming (206)
[2018.06.17-01.21.45:416][502]LogModuleManager: Shutting down and abandoning module VREditor (204)
[2018.06.17-01.21.45:416][502]LogModuleManager: Shutting down and abandoning module StringTableEditor (202)
[2018.06.17-01.21.45:416][502]LogModuleManager: Shutting down and abandoning module GameplayTasksEditor (200)
[2018.06.17-01.21.45:416][502]LogModuleManager: Shutting down and abandoning module BehaviorTreeEditor (198)
[2018.06.17-01.21.45:416][502]LogModuleManager: Shutting down and abandoning module FunctionalTesting (196)
[2018.06.17-01.21.45:416][502]LogModuleManager: Shutting down and abandoning module CollisionAnalyzer (194)
[2018.06.17-01.21.45:416][502]LogModuleManager: Shutting down and abandoning module UMG (192)
[2018.06.17-01.21.45:416][502]LogModuleManager: Shutting down and abandoning module UMGEditor (191)
[2018.06.17-01.21.45:416][502]LogModuleManager: Shutting down and abandoning module Sequencer (190)
[2018.06.17-01.21.45:416][502]LogModuleManager: Shutting down and abandoning module AssetTools (188)
[2018.06.17-01.21.45:416][502]LogModuleManager: Shutting down and abandoning module MessageLog (187)
[2018.06.17-01.21.45:416][502]LogModuleManager: Shutting down and abandoning module WorkspaceMenuStructure (186)
[2018.06.17-01.21.45:416][502]LogModuleManager: Shutting down and abandoning module SlateReflector (180)
[2018.06.17-01.21.45:416][502]LogModuleManager: Shutting down and abandoning module Slate (178)
[2018.06.17-01.21.45:416][502]LogModuleManager: Shutting down and abandoning module EditorStyle (176)
[2018.06.17-01.21.45:420][502]LogModuleManager: Shutting down and abandoning module SourceCodeAccess (174)
[2018.06.17-01.21.45:420][502]LogModuleManager: Shutting down and abandoning module HeadMountedDisplay (172)
[2018.06.17-01.21.45:420][502]LogModuleManager: Shutting down and abandoning module XAudio2 (170)
[2018.06.17-01.21.45:420][502]LogModuleManager: Shutting down and abandoning module Networking (168)
[2018.06.17-01.21.45:420][502]LogModuleManager: Shutting down and abandoning module Core (164)
[2018.06.17-01.21.45:420][502]LogModuleManager: Shutting down and abandoning module AssetRegistry (162)
[2018.06.17-01.21.45:597][502]LogDirectoryWatcher: A directory notification for '../../../Engine/Content/' was aborted.
[2018.06.17-01.21.45:597][502]LogDirectoryWatcher: A directory notification for '../../../../../../Users/Islam/Documents/Unreal Projects/LevelCreationProject/Content/' was aborted.
[2018.06.17-01.21.45:597][502]LogDirectoryWatcher: A directory notification for '../../../Engine/Plugins/2D/Paper2D/Content/' was aborted.
[2018.06.17-01.21.45:597][502]LogDirectoryWatcher: A directory notification for '../../../Engine/Plugins/Runtime/GearVR/Content/' was aborted.
[2018.06.17-01.21.45:603][502]LogModuleManager: Shutting down and abandoning module DirectoryWatcher (161)
[2018.06.17-01.21.45:610][502]LogModuleManager: Shutting down and abandoning module KismetCompiler (158)
[2018.06.17-01.21.45:610][502]LogModuleManager: Shutting down and abandoning module LevelSequence (156)
[2018.06.17-01.21.45:610][502]LogModuleManager: Shutting down and abandoning module PhysXFormats (154)
[2018.06.17-01.21.45:610][502]LogModuleManager: Shutting down and abandoning module MeshUtilities (152)
[2018.06.17-01.21.45:610][502]LogModuleManager: Shutting down and abandoning module SimplygonSwarm (151)
[2018.06.17-01.21.45:610][502]LogModuleManager: Shutting down and abandoning module SimplygonMeshReduction (149)
[2018.06.17-01.21.45:610][502]LogModuleManager: Shutting down and abandoning module QuadricMeshReduction (147)
[2018.06.17-01.21.45:610][502]LogModuleManager: Shutting down and abandoning module DerivedDataCache (144)
[2018.06.17-01.21.45:646][502]LogDerivedDataCache: Shutdown
[2018.06.17-01.21.45:646][502]LogModuleManager: Shutting down and abandoning module TargetPlatform (142)
[2018.06.17-01.21.45:647][502]LogModuleManager: Shutting down and abandoning module VulkanShaderFormat (141)
[2018.06.17-01.21.45:647][502]LogModuleManager: Shutting down and abandoning module ShaderFormatVectorVM (139)
[2018.06.17-01.21.45:647][502]LogModuleManager: Shutting down and abandoning module ShaderFormatOpenGL (137)
[2018.06.17-01.21.45:647][502]LogModuleManager: Shutting down and abandoning module ShaderFormatD3D (135)
[2018.06.17-01.21.45:647][502]LogModuleManager: Shutting down and abandoning module MetalShaderFormat (133)
[2018.06.17-01.21.45:647][502]LogModuleManager: Shutting down and abandoning module TextureFormatUncompressed (131)
[2018.06.17-01.21.45:647][502]LogModuleManager: Shutting down and abandoning module TextureFormatPVR (129)
[2018.06.17-01.21.45:647][502]LogModuleManager: Shutting down and abandoning module TextureFormatDXT (127)
[2018.06.17-01.21.45:647][502]LogModuleManager: Shutting down and abandoning module TextureFormatIntelISPCTexComp (125)
[2018.06.17-01.21.45:647][502]LogModuleManager: Shutting down and abandoning module TextureFormatASTC (123)
[2018.06.17-01.21.45:647][502]LogModuleManager: Shutting down and abandoning module ImageWrapper (122)
[2018.06.17-01.21.45:647][502]LogModuleManager: Shutting down and abandoning module TextureFormatAndroid (119)
[2018.06.17-01.21.45:647][502]LogModuleManager: Shutting down and abandoning module AudioFormatOpus (117)
[2018.06.17-01.21.45:647][502]LogModuleManager: Shutting down and abandoning module AudioFormatOgg (115)
[2018.06.17-01.21.45:647][502]LogModuleManager: Shutting down and abandoning module AudioFormatADPCM (113)
[2018.06.17-01.21.45:647][502]LogModuleManager: Shutting down and abandoning module LinuxTargetPlatform (111)
[2018.06.17-01.21.45:647][502]LogModuleManager: Shutting down and abandoning module LinuxServerTargetPlatform (109)
[2018.06.17-01.21.45:647][502]LogModuleManager: Shutting down and abandoning module LinuxNoEditorTargetPlatform (107)
[2018.06.17-01.21.45:647][502]LogModuleManager: Shutting down and abandoning module LinuxClientTargetPlatform (105)
[2018.06.17-01.21.45:647][502]LogModuleManager: Shutting down and abandoning module TVOSTargetPlatform (103)
[2018.06.17-01.21.45:647][502]LogModuleManager: Shutting down and abandoning module Messaging (101)
[2018.06.17-01.21.45:647][502]LogModuleManager: Shutting down and abandoning module IOSTargetPlatform (99)
[2018.06.17-01.21.45:647][502]LogModuleManager: Shutting down and abandoning module HTML5TargetPlatform (97)
[2018.06.17-01.21.45:647][502]LogModuleManager: Shutting down and abandoning module Android_PVRTCTargetPlatform (95)
[2018.06.17-01.21.45:647][502]LogModuleManager: Shutting down and abandoning module Android_MultiTargetPlatform (93)
[2018.06.17-01.21.45:647][502]LogModuleManager: Shutting down and abandoning module Android_ETC2TargetPlatform (91)
[2018.06.17-01.21.45:647][502]LogModuleManager: Shutting down and abandoning module Android_ETC1TargetPlatform (89)
[2018.06.17-01.21.45:647][502]LogModuleManager: Shutting down and abandoning module Android_DXTTargetPlatform (87)
[2018.06.17-01.21.45:647][502]LogModuleManager: Shutting down and abandoning module Android_ATCTargetPlatform (85)
[2018.06.17-01.21.45:647][502]LogModuleManager: Shutting down and abandoning module Android_ASTCTargetPlatform (83)
[2018.06.17-01.21.45:647][502]LogModuleManager: Shutting down and abandoning module AndroidTargetPlatform (81)
[2018.06.17-01.21.45:647][502]LogModuleManager: Shutting down and abandoning module WindowsTargetPlatform (79)
[2018.06.17-01.21.45:647][502]LogModuleManager: Shutting down and abandoning module WindowsServerTargetPlatform (77)
[2018.06.17-01.21.45:648][502]LogModuleManager: Shutting down and abandoning module WindowsNoEditorTargetPlatform (75)
[2018.06.17-01.21.45:648][502]LogModuleManager: Shutting down and abandoning module WindowsClientTargetPlatform (73)
[2018.06.17-01.21.45:648][502]LogModuleManager: Shutting down and abandoning module MacTargetPlatform (71)
[2018.06.17-01.21.45:648][502]LogModuleManager: Shutting down and abandoning module MacServerTargetPlatform (69)
[2018.06.17-01.21.45:648][502]LogModuleManager: Shutting down and abandoning module MacNoEditorTargetPlatform (67)
[2018.06.17-01.21.45:648][502]LogModuleManager: Shutting down and abandoning module MacClientTargetPlatform (65)
[2018.06.17-01.21.45:648][502]LogModuleManager: Shutting down and abandoning module AllDesktopTargetPlatform (63)
[2018.06.17-01.21.45:648][502]LogModuleManager: Shutting down and abandoning module InputCore (60)
[2018.06.17-01.21.45:648][502]LogModuleManager: Shutting down and abandoning module Settings (58)
[2018.06.17-01.21.45:648][502]LogModuleManager: Shutting down and abandoning module OculusRift (56)
[2018.06.17-01.21.45:648][502]LogModuleManager: Shutting down and abandoning module GearVRController (54)
[2018.06.17-01.21.45:648][502]LogModuleManager: Shutting down and abandoning module GearVR (52)
[2018.06.17-01.21.45:648][502]LogModuleManager: Shutting down and abandoning module ExampleDeviceProfileSelector (50)
[2018.06.17-01.21.45:648][502]LogModuleManager: Shutting down and abandoning module OnlineBlueprintSupport (48)
[2018.06.17-01.21.45:648][502]LogModuleManager: Shutting down and abandoning module OnlineSubsystem (44)
[2018.06.17-01.21.45:648][502]LogOnline:Display: Unloading online subsystem: NULL
[2018.06.17-01.21.45:648][502]LogModuleManager: Shutting down and abandoning module XMPP (43)
[2018.06.17-01.21.45:648][502]LogModuleManager: Shutting down and abandoning module HTTP (41)
[2018.06.17-01.21.45:648][502]LogHttp:Display: Http module shutting down, but needs to wait on 1 outstanding Http requests:
[2018.06.17-01.21.45:648][502]LogHttp:Display: 	verb=[POST] url=[https://datarouter.ol.epicgames.com/datarouter/api/v1/public/data?SessionID=%7BAB33F591-4C43-FC75-1B5E-6BB0A73AF8C2%7D&AppID=UEEditor.Rocket.Release&AppVersion=4.16.3-3561208%2B%2B%2BUE4%2BRelease-4.16&UserID=4c88ceab4aaae3e82efe11a158e9bbf5%7C23f75a2f4f5a4fce86ad1a7e66556cfc%7C20268de0-0477-4ef0-8172-50ae03dc7b75&AppEnvironment=datacollector-binary&UploadType=eteventstream] status=Processing
[2018.06.17-01.21.45:666][502]LogModuleManager: Shutting down and abandoning module SSL (40)
[2018.06.17-01.21.45:668][502]LogModuleManager: Shutting down and abandoning module HTTPChunkInstaller (36)
[2018.06.17-01.21.45:668][502]LogModuleManager: Shutting down and abandoning module AnimationModifiers (34)
[2018.06.17-01.21.45:668][502]LogModuleManager: Shutting down and abandoning module PropertyEditor (33)
[2018.06.17-01.21.45:668][502]LogModuleManager: Shutting down and abandoning module AudioEditor (30)
[2018.06.17-01.21.45:668][502]LogModuleManager: Shutting down and abandoning module TextureCompressor (28)
[2018.06.17-01.21.45:668][502]LogModuleManager: Shutting down and abandoning module ShaderCore (26)
[2018.06.17-01.21.45:668][502]LogModuleManager: Shutting down and abandoning module Landscape (24)
[2018.06.17-01.21.45:668][502]LogModuleManager: Shutting down and abandoning module SlateRHIRenderer (22)
[2018.06.17-01.21.45:675][502]LogModuleManager: Shutting down and abandoning module OpenGLDrv (20)
[2018.06.17-01.21.45:675][502]LogModuleManager: Shutting down and abandoning module D3D11RHI (18)
[2018.06.17-01.21.45:675][502]LogModuleManager: Shutting down and abandoning module AnimGraphRuntime (16)
[2018.06.17-01.21.45:675][502]LogModuleManager: Shutting down and abandoning module Renderer (14)
[2018.06.17-01.21.45:675][502]LogModuleManager: Shutting down and abandoning module Engine (12)
[2018.06.17-01.21.45:675][502]LogModuleManager: Shutting down and abandoning module CoreUObject (10)
[2018.06.17-01.21.45:675][502]LogModuleManager: Shutting down and abandoning module NetworkFile (8)
[2018.06.17-01.21.45:675][502]LogModuleManager: Shutting down and abandoning module StreamingFile (6)
[2018.06.17-01.21.45:675][502]LogModuleManager: Shutting down and abandoning module SandboxFile (4)
[2018.06.17-01.21.45:675][502]LogModuleManager: Shutting down and abandoning module PakFile (2)
[2018.06.17-01.21.45:676][502]LogExit: Exiting.
[2018.06.17-01.21.45:699][502]Log file closed, 06/17/18 03:21:45
